{"/Users/mac/Documents/visi8-test/src/app/_layout.tsx": {"path":"/Users/mac/Documents/visi8-test/src/app/_layout.tsx","statementMap":{"0":{"start":{"line":9,"column":32},"end":{"line":16,"column":1}},"1":{"start":{"line":10,"column":2},"end":{"line":15,"column":17}},"2":{"start":{"line":19,"column":22},"end":{"line":19,"column":38}},"3":{"start":{"line":20,"column":26},"end":{"line":20,"column":42}},"4":{"start":{"line":21,"column":24},"end":{"line":21,"column":38}},"5":{"start":{"line":22,"column":29},"end":{"line":22,"column":45}},"6":{"start":{"line":23,"column":52},"end":{"line":23,"column":67}},"7":{"start":{"line":25,"column":2},"end":{"line":32,"column":23}},"8":{"start":{"line":26,"column":4},"end":{"line":31,"column":9}},"9":{"start":{"line":27,"column":18},"end":{"line":27,"column":44}},"10":{"start":{"line":29,"column":8},"end":{"line":29,"column":59}},"11":{"start":{"line":30,"column":8},"end":{"line":30,"column":35}},"12":{"start":{"line":34,"column":2},"end":{"line":40,"column":3}},"13":{"start":{"line":35,"column":4},"end":{"line":39,"column":6}},"14":{"start":{"line":42,"column":2},"end":{"line":73,"column":4}},"15":{"start":{"line":76,"column":15},"end":{"line":81,"column":2}}},"fnMap":{"0":{"name":"(anonymous_0)","decl":{"start":{"line":9,"column":32},"end":{"line":9,"column":33}},"loc":{"start":{"line":10,"column":2},"end":{"line":15,"column":17}},"line":10},"1":{"name":"RootLayout","decl":{"start":{"line":18,"column":24},"end":{"line":18,"column":34}},"loc":{"start":{"line":18,"column":37},"end":{"line":74,"column":1}},"line":18},"2":{"name":"(anonymous_2)","decl":{"start":{"line":25,"column":12},"end":{"line":25,"column":13}},"loc":{"start":{"line":25,"column":18},"end":{"line":32,"column":3}},"line":25},"3":{"name":"(anonymous_3)","decl":{"start":{"line":27,"column":12},"end":{"line":27,"column":13}},"loc":{"start":{"line":27,"column":18},"end":{"line":27,"column":44}},"line":27},"4":{"name":"(anonymous_4)","decl":{"start":{"line":28,"column":13},"end":{"line":28,"column":14}},"loc":{"start":{"line":28,"column":24},"end":{"line":31,"column":7}},"line":28}},"branchMap":{"0":{"loc":{"start":{"line":34,"column":2},"end":{"line":40,"column":3}},"type":"if","locations":[{"start":{"line":34,"column":2},"end":{"line":40,"column":3}},{"start":{},"end":{}}],"line":34},"1":{"loc":{"start":{"line":34,"column":6},"end":{"line":34,"column":53}},"type":"binary-expr","locations":[{"start":{"line":34,"column":6},"end":{"line":34,"column":18}},{"start":{"line":34,"column":22},"end":{"line":34,"column":40}},{"start":{"line":34,"column":44},"end":{"line":34,"column":53}}],"line":34},"2":{"loc":{"start":{"line":36,"column":28},"end":{"line":36,"column":77}},"type":"cond-expr","locations":[{"start":{"line":36,"column":53},"end":{"line":36,"column":62}},{"start":{"line":36,"column":65},"end":{"line":36,"column":77}}],"line":36},"3":{"loc":{"start":{"line":43,"column":26},"end":{"line":43,"column":75}},"type":"cond-expr","locations":[{"start":{"line":43,"column":51},"end":{"line":43,"column":60}},{"start":{"line":43,"column":63},"end":{"line":43,"column":75}}],"line":43}},"s":{"0":0,"1":0,"2":0,"3":0,"4":0,"5":0,"6":0,"7":0,"8":0,"9":0,"10":0,"11":0,"12":0,"13":0,"14":0,"15":0},"f":{"0":0,"1":0,"2":0,"3":0,"4":0},"b":{"0":[0,0],"1":[0,0,0],"2":[0,0],"3":[0,0]}}
,"/Users/mac/Documents/visi8-test/src/app/articles.tsx": {"path":"/Users/mac/Documents/visi8-test/src/app/articles.tsx","statementMap":{"0":{"start":{"line":18,"column":17},"end":{"line":18,"column":28}},"1":{"start":{"line":19,"column":21},"end":{"line":19,"column":37}},"2":{"start":{"line":30,"column":6},"end":{"line":30,"column":19}},"3":{"start":{"line":32,"column":19},"end":{"line":32,"column":66}},"4":{"start":{"line":32,"column":49},"end":{"line":32,"column":59}},"5":{"start":{"line":34,"column":29},"end":{"line":39,"column":3}},"6":{"start":{"line":36,"column":6},"end":{"line":36,"column":43}},"7":{"start":{"line":41,"column":23},"end":{"line":43,"column":14}},"8":{"start":{"line":42,"column":4},"end":{"line":42,"column":19}},"9":{"start":{"line":45,"column":25},"end":{"line":50,"column":55}},"10":{"start":{"line":46,"column":4},"end":{"line":48,"column":5}},"11":{"start":{"line":47,"column":6},"end":{"line":47,"column":13}},"12":{"start":{"line":49,"column":4},"end":{"line":49,"column":20}},"13":{"start":{"line":52,"column":21},"end":{"line":60,"column":3}},"14":{"start":{"line":54,"column":6},"end":{"line":57,"column":8}},"15":{"start":{"line":56,"column":23},"end":{"line":56,"column":50}},"16":{"start":{"line":62,"column":2},"end":{"line":74,"column":3}},"17":{"start":{"line":63,"column":4},"end":{"line":73,"column":6}},"18":{"start":{"line":76,"column":2},"end":{"line":97,"column":3}},"19":{"start":{"line":77,"column":4},"end":{"line":96,"column":6}},"20":{"start":{"line":89,"column":25},"end":{"line":89,"column":34}},"21":{"start":{"line":99,"column":2},"end":{"line":143,"column":4}},"22":{"start":{"line":121,"column":32},"end":{"line":121,"column":39}},"23":{"start":{"line":146,"column":15},"end":{"line":218,"column":2}}},"fnMap":{"0":{"name":"ArticlesScreen","decl":{"start":{"line":17,"column":24},"end":{"line":17,"column":38}},"loc":{"start":{"line":17,"column":41},"end":{"line":144,"column":1}},"line":17},"1":{"name":"(anonymous_1)","decl":{"start":{"line":32,"column":39},"end":{"line":32,"column":40}},"loc":{"start":{"line":32,"column":49},"end":{"line":32,"column":59}},"line":32},"2":{"name":"(anonymous_2)","decl":{"start":{"line":35,"column":4},"end":{"line":35,"column":5}},"loc":{"start":{"line":35,"column":27},"end":{"line":37,"column":5}},"line":35},"3":{"name":"(anonymous_3)","decl":{"start":{"line":41,"column":35},"end":{"line":41,"column":36}},"loc":{"start":{"line":41,"column":47},"end":{"line":43,"column":3}},"line":41},"4":{"name":"(anonymous_4)","decl":{"start":{"line":45,"column":37},"end":{"line":45,"column":38}},"loc":{"start":{"line":45,"column":43},"end":{"line":50,"column":3}},"line":45},"5":{"name":"(anonymous_5)","decl":{"start":{"line":53,"column":4},"end":{"line":53,"column":5}},"loc":{"start":{"line":54,"column":6},"end":{"line":57,"column":8}},"line":54},"6":{"name":"(anonymous_6)","decl":{"start":{"line":56,"column":17},"end":{"line":56,"column":18}},"loc":{"start":{"line":56,"column":23},"end":{"line":56,"column":50}},"line":56},"7":{"name":"(anonymous_7)","decl":{"start":{"line":89,"column":19},"end":{"line":89,"column":20}},"loc":{"start":{"line":89,"column":25},"end":{"line":89,"column":34}},"line":89},"8":{"name":"(anonymous_8)","decl":{"start":{"line":121,"column":22},"end":{"line":121,"column":23}},"loc":{"start":{"line":121,"column":32},"end":{"line":121,"column":39}},"line":121}},"branchMap":{"0":{"loc":{"start":{"line":32,"column":19},"end":{"line":32,"column":66}},"type":"binary-expr","locations":[{"start":{"line":32,"column":19},"end":{"line":32,"column":60}},{"start":{"line":32,"column":64},"end":{"line":32,"column":66}}],"line":32},"1":{"loc":{"start":{"line":46,"column":4},"end":{"line":48,"column":5}},"type":"if","locations":[{"start":{"line":46,"column":4},"end":{"line":48,"column":5}},{"start":{},"end":{}}],"line":46},"2":{"loc":{"start":{"line":46,"column":8},"end":{"line":46,"column":42}},"type":"binary-expr","locations":[{"start":{"line":46,"column":8},"end":{"line":46,"column":20}},{"start":{"line":46,"column":24},"end":{"line":46,"column":42}}],"line":46},"3":{"loc":{"start":{"line":62,"column":2},"end":{"line":74,"column":3}},"type":"if","locations":[{"start":{"line":62,"column":2},"end":{"line":74,"column":3}},{"start":{},"end":{}}],"line":62},"4":{"loc":{"start":{"line":76,"column":2},"end":{"line":97,"column":3}},"type":"if","locations":[{"start":{"line":76,"column":2},"end":{"line":97,"column":3}},{"start":{},"end":{}}],"line":76},"5":{"loc":{"start":{"line":135,"column":10},"end":{"line":139,"column":18}},"type":"cond-expr","locations":[{"start":{"line":136,"column":12},"end":{"line":138,"column":19}},{"start":{"line":139,"column":14},"end":{"line":139,"column":18}}],"line":135}},"s":{"0":0,"1":0,"2":0,"3":0,"4":0,"5":0,"6":0,"7":0,"8":0,"9":0,"10":0,"11":0,"12":0,"13":0,"14":0,"15":0,"16":0,"17":0,"18":0,"19":0,"20":0,"21":0,"22":0,"23":0},"f":{"0":0,"1":0,"2":0,"3":0,"4":0,"5":0,"6":0,"7":0,"8":0},"b":{"0":[0,0],"1":[0,0],"2":[0,0],"3":[0,0],"4":[0,0],"5":[0,0]}}
,"/Users/mac/Documents/visi8-test/src/app/index.tsx": {"path":"/Users/mac/Documents/visi8-test/src/app/index.tsx","statementMap":{"0":{"start":{"line":6,"column":42},"end":{"line":6,"column":56}},"1":{"start":{"line":8,"column":2},"end":{"line":15,"column":3}},"2":{"start":{"line":9,"column":4},"end":{"line":14,"column":6}},"3":{"start":{"line":17,"column":2},"end":{"line":19,"column":3}},"4":{"start":{"line":18,"column":4},"end":{"line":18,"column":41}},"5":{"start":{"line":21,"column":2},"end":{"line":21,"column":36}},"6":{"start":{"line":24,"column":15},"end":{"line":36,"column":2}}},"fnMap":{"0":{"name":"IndexScreen","decl":{"start":{"line":5,"column":24},"end":{"line":5,"column":35}},"loc":{"start":{"line":5,"column":38},"end":{"line":22,"column":1}},"line":5}},"branchMap":{"0":{"loc":{"start":{"line":8,"column":2},"end":{"line":15,"column":3}},"type":"if","locations":[{"start":{"line":8,"column":2},"end":{"line":15,"column":3}},{"start":{},"end":{}}],"line":8},"1":{"loc":{"start":{"line":17,"column":2},"end":{"line":19,"column":3}},"type":"if","locations":[{"start":{"line":17,"column":2},"end":{"line":19,"column":3}},{"start":{},"end":{}}],"line":17},"2":{"loc":{"start":{"line":17,"column":6},"end":{"line":17,"column":24}},"type":"binary-expr","locations":[{"start":{"line":17,"column":6},"end":{"line":17,"column":16}},{"start":{"line":17,"column":20},"end":{"line":17,"column":24}}],"line":17}},"s":{"0":0,"1":0,"2":0,"3":0,"4":0,"5":0,"6":0},"f":{"0":0},"b":{"0":[0,0],"1":[0,0],"2":[0,0]}}
,"/Users/mac/Documents/visi8-test/src/app/login.tsx": {"path":"/Users/mac/Documents/visi8-test/src/app/login.tsx","statementMap":{"0":{"start":{"line":7,"column":17},"end":{"line":7,"column":28}},"1":{"start":{"line":8,"column":31},"end":{"line":8,"column":44}},"2":{"start":{"line":9,"column":24},"end":{"line":9,"column":42}},"3":{"start":{"line":10,"column":28},"end":{"line":10,"column":44}},"4":{"start":{"line":11,"column":28},"end":{"line":11,"column":40}},"5":{"start":{"line":12,"column":34},"end":{"line":12,"column":46}},"6":{"start":{"line":13,"column":24},"end":{"line":13,"column":37}},"7":{"start":{"line":14,"column":23},"end":{"line":14,"column":35}},"8":{"start":{"line":16,"column":2},"end":{"line":22,"column":9}},"9":{"start":{"line":17,"column":4},"end":{"line":17,"column":32}},"10":{"start":{"line":18,"column":4},"end":{"line":21,"column":6}},"11":{"start":{"line":19,"column":6},"end":{"line":19,"column":35}},"12":{"start":{"line":20,"column":6},"end":{"line":20,"column":36}},"13":{"start":{"line":24,"column":2},"end":{"line":34,"column":4}},"14":{"start":{"line":26,"column":6},"end":{"line":32,"column":7}},"15":{"start":{"line":27,"column":8},"end":{"line":31,"column":9}},"16":{"start":{"line":28,"column":10},"end":{"line":28,"column":24}},"17":{"start":{"line":30,"column":10},"end":{"line":30,"column":38}},"18":{"start":{"line":36,"column":22},"end":{"line":68,"column":30}},"19":{"start":{"line":37,"column":4},"end":{"line":39,"column":5}},"20":{"start":{"line":38,"column":6},"end":{"line":38,"column":13}},"21":{"start":{"line":41,"column":4},"end":{"line":44,"column":5}},"22":{"start":{"line":42,"column":6},"end":{"line":42,"column":62}},"23":{"start":{"line":43,"column":6},"end":{"line":43,"column":13}},"24":{"start":{"line":45,"column":23},"end":{"line":45,"column":51}},"25":{"start":{"line":46,"column":4},"end":{"line":49,"column":5}},"26":{"start":{"line":47,"column":6},"end":{"line":47,"column":65}},"27":{"start":{"line":48,"column":6},"end":{"line":48,"column":13}},"28":{"start":{"line":50,"column":4},"end":{"line":50,"column":33}},"29":{"start":{"line":52,"column":4},"end":{"line":67,"column":5}},"30":{"start":{"line":53,"column":6},"end":{"line":53,"column":39}},"31":{"start":{"line":54,"column":6},"end":{"line":58,"column":7}},"32":{"start":{"line":55,"column":8},"end":{"line":55,"column":52}},"33":{"start":{"line":56,"column":8},"end":{"line":56,"column":21}},"34":{"start":{"line":57,"column":8},"end":{"line":57,"column":24}},"35":{"start":{"line":62,"column":6},"end":{"line":66,"column":14}},"36":{"start":{"line":63,"column":8},"end":{"line":65,"column":9}},"37":{"start":{"line":64,"column":10},"end":{"line":64,"column":40}},"38":{"start":{"line":70,"column":23},"end":{"line":91,"column":14}},"39":{"start":{"line":71,"column":4},"end":{"line":73,"column":5}},"40":{"start":{"line":72,"column":6},"end":{"line":72,"column":13}},"41":{"start":{"line":74,"column":4},"end":{"line":74,"column":33}},"42":{"start":{"line":75,"column":4},"end":{"line":90,"column":5}},"43":{"start":{"line":76,"column":6},"end":{"line":76,"column":21}},"44":{"start":{"line":77,"column":6},"end":{"line":79,"column":7}},"45":{"start":{"line":78,"column":8},"end":{"line":78,"column":53}},"46":{"start":{"line":81,"column":6},"end":{"line":83,"column":7}},"47":{"start":{"line":82,"column":8},"end":{"line":82,"column":57}},"48":{"start":{"line":85,"column":6},"end":{"line":89,"column":14}},"49":{"start":{"line":86,"column":8},"end":{"line":88,"column":9}},"50":{"start":{"line":87,"column":10},"end":{"line":87,"column":40}},"51":{"start":{"line":93,"column":2},"end":{"line":171,"column":3}},"52":{"start":{"line":94,"column":4},"end":{"line":170,"column":6}},"53":{"start":{"line":173,"column":2},"end":{"line":197,"column":4}},"54":{"start":{"line":200,"column":15},"end":{"line":365,"column":2}}},"fnMap":{"0":{"name":"LoginScreen","decl":{"start":{"line":6,"column":24},"end":{"line":6,"column":35}},"loc":{"start":{"line":6,"column":38},"end":{"line":198,"column":1}},"line":6},"1":{"name":"(anonymous_1)","decl":{"start":{"line":16,"column":12},"end":{"line":16,"column":13}},"loc":{"start":{"line":16,"column":18},"end":{"line":22,"column":3}},"line":16},"2":{"name":"(anonymous_2)","decl":{"start":{"line":18,"column":11},"end":{"line":18,"column":12}},"loc":{"start":{"line":18,"column":17},"end":{"line":21,"column":5}},"line":18},"3":{"name":"(anonymous_3)","decl":{"start":{"line":25,"column":16},"end":{"line":25,"column":17}},"loc":{"start":{"line":25,"column":22},"end":{"line":33,"column":5}},"line":25},"4":{"name":"(anonymous_4)","decl":{"start":{"line":36,"column":34},"end":{"line":36,"column":35}},"loc":{"start":{"line":36,"column":46},"end":{"line":68,"column":3}},"line":36},"5":{"name":"(anonymous_5)","decl":{"start":{"line":62,"column":17},"end":{"line":62,"column":18}},"loc":{"start":{"line":62,"column":23},"end":{"line":66,"column":7}},"line":62},"6":{"name":"(anonymous_6)","decl":{"start":{"line":70,"column":35},"end":{"line":70,"column":36}},"loc":{"start":{"line":70,"column":47},"end":{"line":91,"column":3}},"line":70},"7":{"name":"(anonymous_7)","decl":{"start":{"line":85,"column":17},"end":{"line":85,"column":18}},"loc":{"start":{"line":85,"column":23},"end":{"line":89,"column":7}},"line":85}},"branchMap":{"0":{"loc":{"start":{"line":26,"column":6},"end":{"line":32,"column":7}},"type":"if","locations":[{"start":{"line":26,"column":6},"end":{"line":32,"column":7}},{"start":{},"end":{}}],"line":26},"1":{"loc":{"start":{"line":26,"column":10},"end":{"line":26,"column":52}},"type":"binary-expr","locations":[{"start":{"line":26,"column":10},"end":{"line":26,"column":20}},{"start":{"line":26,"column":24},"end":{"line":26,"column":28}},{"start":{"line":26,"column":32},"end":{"line":26,"column":52}}],"line":26},"2":{"loc":{"start":{"line":27,"column":8},"end":{"line":31,"column":9}},"type":"if","locations":[{"start":{"line":27,"column":8},"end":{"line":31,"column":9}},{"start":{"line":29,"column":15},"end":{"line":31,"column":9}}],"line":27},"3":{"loc":{"start":{"line":37,"column":4},"end":{"line":39,"column":5}},"type":"if","locations":[{"start":{"line":37,"column":4},"end":{"line":39,"column":5}},{"start":{},"end":{}}],"line":37},"4":{"loc":{"start":{"line":37,"column":8},"end":{"line":37,"column":54}},"type":"binary-expr","locations":[{"start":{"line":37,"column":8},"end":{"line":37,"column":29}},{"start":{"line":37,"column":33},"end":{"line":37,"column":54}}],"line":37},"5":{"loc":{"start":{"line":41,"column":4},"end":{"line":44,"column":5}},"type":"if","locations":[{"start":{"line":41,"column":4},"end":{"line":44,"column":5}},{"start":{},"end":{}}],"line":41},"6":{"loc":{"start":{"line":41,"column":8},"end":{"line":41,"column":27}},"type":"binary-expr","locations":[{"start":{"line":41,"column":8},"end":{"line":41,"column":14}},{"start":{"line":41,"column":18},"end":{"line":41,"column":27}}],"line":41},"7":{"loc":{"start":{"line":46,"column":4},"end":{"line":49,"column":5}},"type":"if","locations":[{"start":{"line":46,"column":4},"end":{"line":49,"column":5}},{"start":{},"end":{}}],"line":46},"8":{"loc":{"start":{"line":54,"column":6},"end":{"line":58,"column":7}},"type":"if","locations":[{"start":{"line":54,"column":6},"end":{"line":58,"column":7}},{"start":{},"end":{}}],"line":54},"9":{"loc":{"start":{"line":63,"column":8},"end":{"line":65,"column":9}},"type":"if","locations":[{"start":{"line":63,"column":8},"end":{"line":65,"column":9}},{"start":{},"end":{}}],"line":63},"10":{"loc":{"start":{"line":71,"column":4},"end":{"line":73,"column":5}},"type":"if","locations":[{"start":{"line":71,"column":4},"end":{"line":73,"column":5}},{"start":{},"end":{}}],"line":71},"11":{"loc":{"start":{"line":71,"column":8},"end":{"line":71,"column":54}},"type":"binary-expr","locations":[{"start":{"line":71,"column":8},"end":{"line":71,"column":29}},{"start":{"line":71,"column":33},"end":{"line":71,"column":54}}],"line":71},"12":{"loc":{"start":{"line":77,"column":6},"end":{"line":79,"column":7}},"type":"if","locations":[{"start":{"line":77,"column":6},"end":{"line":79,"column":7}},{"start":{},"end":{}}],"line":77},"13":{"loc":{"start":{"line":81,"column":6},"end":{"line":83,"column":7}},"type":"if","locations":[{"start":{"line":81,"column":6},"end":{"line":83,"column":7}},{"start":{},"end":{}}],"line":81},"14":{"loc":{"start":{"line":86,"column":8},"end":{"line":88,"column":9}},"type":"if","locations":[{"start":{"line":86,"column":8},"end":{"line":88,"column":9}},{"start":{},"end":{}}],"line":86},"15":{"loc":{"start":{"line":93,"column":2},"end":{"line":171,"column":3}},"type":"if","locations":[{"start":{"line":93,"column":2},"end":{"line":171,"column":3}},{"start":{},"end":{}}],"line":93},"16":{"loc":{"start":{"line":128,"column":37},"end":{"line":128,"column":73}},"type":"binary-expr","locations":[{"start":{"line":128,"column":37},"end":{"line":128,"column":46}},{"start":{"line":128,"column":50},"end":{"line":128,"column":73}}],"line":128},"17":{"loc":{"start":{"line":130,"column":22},"end":{"line":130,"column":56}},"type":"binary-expr","locations":[{"start":{"line":130,"column":22},"end":{"line":130,"column":31}},{"start":{"line":130,"column":35},"end":{"line":130,"column":56}}],"line":130},"18":{"loc":{"start":{"line":135,"column":15},"end":{"line":135,"column":49}},"type":"cond-expr","locations":[{"start":{"line":135,"column":27},"end":{"line":135,"column":39}},{"start":{"line":135,"column":42},"end":{"line":135,"column":49}}],"line":135},"19":{"loc":{"start":{"line":153,"column":22},"end":{"line":153,"column":56}},"type":"binary-expr","locations":[{"start":{"line":153,"column":22},"end":{"line":153,"column":31}},{"start":{"line":153,"column":35},"end":{"line":153,"column":56}}],"line":153},"20":{"loc":{"start":{"line":177,"column":7},"end":{"line":183,"column":7}},"type":"binary-expr","locations":[{"start":{"line":177,"column":7},"end":{"line":177,"column":11}},{"start":{"line":178,"column":8},"end":{"line":182,"column":15}}],"line":177},"21":{"loc":{"start":{"line":186,"column":34},"end":{"line":186,"column":71}},"type":"binary-expr","locations":[{"start":{"line":186,"column":34},"end":{"line":186,"column":43}},{"start":{"line":186,"column":47},"end":{"line":186,"column":71}}],"line":186},"22":{"loc":{"start":{"line":188,"column":18},"end":{"line":188,"column":52}},"type":"binary-expr","locations":[{"start":{"line":188,"column":18},"end":{"line":188,"column":27}},{"start":{"line":188,"column":31},"end":{"line":188,"column":52}}],"line":188},"23":{"loc":{"start":{"line":193,"column":11},"end":{"line":193,"column":46}},"type":"cond-expr","locations":[{"start":{"line":193,"column":23},"end":{"line":193,"column":35}},{"start":{"line":193,"column":38},"end":{"line":193,"column":46}}],"line":193}},"s":{"0":0,"1":0,"2":0,"3":0,"4":0,"5":0,"6":0,"7":0,"8":0,"9":0,"10":0,"11":0,"12":0,"13":0,"14":0,"15":0,"16":0,"17":0,"18":0,"19":0,"20":0,"21":0,"22":0,"23":0,"24":0,"25":0,"26":0,"27":0,"28":0,"29":0,"30":0,"31":0,"32":0,"33":0,"34":0,"35":0,"36":0,"37":0,"38":0,"39":0,"40":0,"41":0,"42":0,"43":0,"44":0,"45":0,"46":0,"47":0,"48":0,"49":0,"50":0,"51":0,"52":0,"53":0,"54":0},"f":{"0":0,"1":0,"2":0,"3":0,"4":0,"5":0,"6":0,"7":0},"b":{"0":[0,0],"1":[0,0,0],"2":[0,0],"3":[0,0],"4":[0,0],"5":[0,0],"6":[0,0],"7":[0,0],"8":[0,0],"9":[0,0],"10":[0,0],"11":[0,0],"12":[0,0],"13":[0,0],"14":[0,0],"15":[0,0],"16":[0,0],"17":[0,0],"18":[0,0],"19":[0,0],"20":[0,0],"21":[0,0],"22":[0,0],"23":[0,0]}}
,"/Users/mac/Documents/visi8-test/src/app/article/[id].tsx": {"path":"/Users/mac/Documents/visi8-test/src/app/article/[id].tsx","statementMap":{"0":{"start":{"line":19,"column":2},"end":{"line":33,"column":3}},"1":{"start":{"line":20,"column":17},"end":{"line":20,"column":37}},"2":{"start":{"line":22,"column":4},"end":{"line":24,"column":5}},"3":{"start":{"line":23,"column":6},"end":{"line":23,"column":24}},"4":{"start":{"line":26,"column":4},"end":{"line":30,"column":7}},"5":{"start":{"line":32,"column":4},"end":{"line":32,"column":22}},"6":{"start":{"line":37,"column":17},"end":{"line":39,"column":6}},"7":{"start":{"line":41,"column":24},"end":{"line":41,"column":48}},"8":{"start":{"line":43,"column":23},"end":{"line":43,"column":51}},"9":{"start":{"line":45,"column":27},"end":{"line":49,"column":4}},"10":{"start":{"line":57,"column":6},"end":{"line":57,"column":32}},"11":{"start":{"line":59,"column":17},"end":{"line":61,"column":19}},"12":{"start":{"line":60,"column":4},"end":{"line":60,"column":18}},"13":{"start":{"line":63,"column":2},"end":{"line":76,"column":3}},"14":{"start":{"line":64,"column":4},"end":{"line":75,"column":6}},"15":{"start":{"line":78,"column":2},"end":{"line":99,"column":3}},"16":{"start":{"line":79,"column":4},"end":{"line":98,"column":6}},"17":{"start":{"line":91,"column":25},"end":{"line":91,"column":34}},"18":{"start":{"line":101,"column":2},"end":{"line":109,"column":3}},"19":{"start":{"line":102,"column":4},"end":{"line":108,"column":6}},"20":{"start":{"line":111,"column":2},"end":{"line":168,"column":4}},"21":{"start":{"line":170,"column":15},"end":{"line":259,"column":2}},"22":{"start":{"line":261,"column":23},"end":{"line":303,"column":2}}},"fnMap":{"0":{"name":"formatDate","decl":{"start":{"line":18,"column":9},"end":{"line":18,"column":19}},"loc":{"start":{"line":18,"column":48},"end":{"line":34,"column":1}},"line":18},"1":{"name":"ArticleDetailScreen","decl":{"start":{"line":36,"column":24},"end":{"line":36,"column":43}},"loc":{"start":{"line":36,"column":46},"end":{"line":169,"column":1}},"line":36},"2":{"name":"(anonymous_2)","decl":{"start":{"line":59,"column":29},"end":{"line":59,"column":30}},"loc":{"start":{"line":59,"column":35},"end":{"line":61,"column":3}},"line":59},"3":{"name":"(anonymous_3)","decl":{"start":{"line":91,"column":19},"end":{"line":91,"column":20}},"loc":{"start":{"line":91,"column":25},"end":{"line":91,"column":34}},"line":91}},"branchMap":{"0":{"loc":{"start":{"line":22,"column":4},"end":{"line":24,"column":5}},"type":"if","locations":[{"start":{"line":22,"column":4},"end":{"line":24,"column":5}},{"start":{},"end":{}}],"line":22},"1":{"loc":{"start":{"line":43,"column":42},"end":{"line":43,"column":50}},"type":"binary-expr","locations":[{"start":{"line":43,"column":42},"end":{"line":43,"column":44}},{"start":{"line":43,"column":48},"end":{"line":43,"column":50}}],"line":43},"2":{"loc":{"start":{"line":57,"column":23},"end":{"line":57,"column":31}},"type":"binary-expr","locations":[{"start":{"line":57,"column":23},"end":{"line":57,"column":25}},{"start":{"line":57,"column":29},"end":{"line":57,"column":31}}],"line":57},"3":{"loc":{"start":{"line":63,"column":2},"end":{"line":76,"column":3}},"type":"if","locations":[{"start":{"line":63,"column":2},"end":{"line":76,"column":3}},{"start":{},"end":{}}],"line":63},"4":{"loc":{"start":{"line":78,"column":2},"end":{"line":99,"column":3}},"type":"if","locations":[{"start":{"line":78,"column":2},"end":{"line":99,"column":3}},{"start":{},"end":{}}],"line":78},"5":{"loc":{"start":{"line":101,"column":2},"end":{"line":109,"column":3}},"type":"if","locations":[{"start":{"line":101,"column":2},"end":{"line":109,"column":3}},{"start":{},"end":{}}],"line":101}},"s":{"0":0,"1":0,"2":0,"3":0,"4":0,"5":0,"6":0,"7":0,"8":0,"9":0,"10":0,"11":0,"12":0,"13":0,"14":0,"15":0,"16":0,"17":0,"18":0,"19":0,"20":0,"21":0,"22":0},"f":{"0":0,"1":0,"2":0,"3":0},"b":{"0":[0,0],"1":[0,0],"2":[0,0],"3":[0,0],"4":[0,0],"5":[0,0]}}
,"/Users/mac/Documents/visi8-test/src/components/article-card.tsx": {"path":"/Users/mac/Documents/visi8-test/src/components/article-card.tsx","statementMap":{"0":{"start":{"line":14,"column":27},"end":{"line":84,"column":1}},"1":{"start":{"line":16,"column":24},"end":{"line":16,"column":50}},"2":{"start":{"line":18,"column":23},"end":{"line":34,"column":10}},"3":{"start":{"line":19,"column":6},"end":{"line":33,"column":7}},"4":{"start":{"line":20,"column":21},"end":{"line":20,"column":41}},"5":{"start":{"line":21,"column":8},"end":{"line":23,"column":9}},"6":{"start":{"line":22,"column":10},"end":{"line":22,"column":28}},"7":{"start":{"line":24,"column":52},"end":{"line":28,"column":9}},"8":{"start":{"line":30,"column":8},"end":{"line":30,"column":57}},"9":{"start":{"line":32,"column":8},"end":{"line":32,"column":26}},"10":{"start":{"line":36,"column":4},"end":{"line":77,"column":6}},"11":{"start":{"line":39,"column":32},"end":{"line":43,"column":9}},"12":{"start":{"line":81,"column":4},"end":{"line":81,"column":57}},"13":{"start":{"line":86,"column":15},"end":{"line":134,"column":2}}},"fnMap":{"0":{"name":"(anonymous_0)","decl":{"start":{"line":15,"column":2},"end":{"line":15,"column":3}},"loc":{"start":{"line":15,"column":56},"end":{"line":78,"column":3}},"line":15},"1":{"name":"(anonymous_1)","decl":{"start":{"line":18,"column":35},"end":{"line":18,"column":36}},"loc":{"start":{"line":18,"column":67},"end":{"line":34,"column":5}},"line":18},"2":{"name":"(anonymous_2)","decl":{"start":{"line":39,"column":15},"end":{"line":39,"column":16}},"loc":{"start":{"line":39,"column":32},"end":{"line":43,"column":9}},"line":39},"3":{"name":"(anonymous_3)","decl":{"start":{"line":80,"column":2},"end":{"line":80,"column":3}},"loc":{"start":{"line":80,"column":28},"end":{"line":82,"column":3}},"line":80}},"branchMap":{"0":{"loc":{"start":{"line":21,"column":8},"end":{"line":23,"column":9}},"type":"if","locations":[{"start":{"line":21,"column":8},"end":{"line":23,"column":9}},{"start":{},"end":{}}],"line":21},"1":{"loc":{"start":{"line":41,"column":10},"end":{"line":41,"column":35}},"type":"binary-expr","locations":[{"start":{"line":41,"column":10},"end":{"line":41,"column":17}},{"start":{"line":41,"column":21},"end":{"line":41,"column":35}}],"line":41},"2":{"loc":{"start":{"line":68,"column":11},"end":{"line":74,"column":11}},"type":"binary-expr","locations":[{"start":{"line":68,"column":11},"end":{"line":68,"column":22}},{"start":{"line":69,"column":12},"end":{"line":73,"column":19}}],"line":68}},"s":{"0":0,"1":0,"2":0,"3":0,"4":0,"5":0,"6":0,"7":0,"8":0,"9":0,"10":0,"11":0,"12":0,"13":0},"f":{"0":0,"1":0,"2":0,"3":0},"b":{"0":[0,0],"1":[0,0],"2":[0,0]}}
,"/Users/mac/Documents/visi8-test/src/constants/theme.ts": {"path":"/Users/mac/Documents/visi8-test/src/constants/theme.ts","statementMap":{"0":{"start":{"line":10,"column":22},"end":{"line":25,"column":10}},"1":{"start":{"line":29,"column":21},"end":{"line":52,"column":2}},"2":{"start":{"line":54,"column":23},"end":{"line":62,"column":10}},"3":{"start":{"line":64,"column":30},"end":{"line":64,"column":76}},"4":{"start":{"line":65,"column":31},"end":{"line":65,"column":34}}},"fnMap":{},"branchMap":{"0":{"loc":{"start":{"line":64,"column":30},"end":{"line":64,"column":76}},"type":"binary-expr","locations":[{"start":{"line":64,"column":30},"end":{"line":64,"column":71}},{"start":{"line":64,"column":75},"end":{"line":64,"column":76}}],"line":64}},"s":{"0":0,"1":0,"2":0,"3":0,"4":0},"f":{},"b":{"0":[0,0]}}
,"/Users/mac/Documents/visi8-test/src/hooks/use-color-scheme.ts": {"path":"/Users/mac/Documents/visi8-test/src/hooks/use-color-scheme.ts","statementMap":{},"fnMap":{},"branchMap":{},"s":{},"f":{},"b":{}}
,"/Users/mac/Documents/visi8-test/src/hooks/use-color-scheme.web.ts": {"path":"/Users/mac/Documents/visi8-test/src/hooks/use-color-scheme.web.ts","statementMap":{"0":{"start":{"line":8,"column":40},"end":{"line":8,"column":55}},"1":{"start":{"line":10,"column":2},"end":{"line":12,"column":9}},"2":{"start":{"line":11,"column":4},"end":{"line":11,"column":25}},"3":{"start":{"line":14,"column":22},"end":{"line":14,"column":40}},"4":{"start":{"line":16,"column":2},"end":{"line":18,"column":3}},"5":{"start":{"line":17,"column":4},"end":{"line":17,"column":23}},"6":{"start":{"line":20,"column":2},"end":{"line":20,"column":17}}},"fnMap":{"0":{"name":"useColorScheme","decl":{"start":{"line":7,"column":16},"end":{"line":7,"column":30}},"loc":{"start":{"line":7,"column":33},"end":{"line":21,"column":1}},"line":7},"1":{"name":"(anonymous_1)","decl":{"start":{"line":10,"column":12},"end":{"line":10,"column":13}},"loc":{"start":{"line":10,"column":18},"end":{"line":12,"column":3}},"line":10}},"branchMap":{"0":{"loc":{"start":{"line":16,"column":2},"end":{"line":18,"column":3}},"type":"if","locations":[{"start":{"line":16,"column":2},"end":{"line":18,"column":3}},{"start":{},"end":{}}],"line":16}},"s":{"0":0,"1":0,"2":0,"3":0,"4":0,"5":0,"6":0},"f":{"0":0,"1":0},"b":{"0":[0,0]}}
,"/Users/mac/Documents/visi8-test/src/hooks/use-theme.ts": {"path":"/Users/mac/Documents/visi8-test/src/hooks/use-theme.ts","statementMap":{"0":{"start":{"line":10,"column":17},"end":{"line":10,"column":33}},"1":{"start":{"line":11,"column":16},"end":{"line":11,"column":59}},"2":{"start":{"line":13,"column":2},"end":{"line":13,"column":23}}},"fnMap":{"0":{"name":"useTheme","decl":{"start":{"line":9,"column":16},"end":{"line":9,"column":24}},"loc":{"start":{"line":9,"column":27},"end":{"line":14,"column":1}},"line":9}},"branchMap":{"0":{"loc":{"start":{"line":11,"column":16},"end":{"line":11,"column":59}},"type":"cond-expr","locations":[{"start":{"line":11,"column":43},"end":{"line":11,"column":50}},{"start":{"line":11,"column":53},"end":{"line":11,"column":59}}],"line":11}},"s":{"0":0,"1":0,"2":0},"f":{"0":0},"b":{"0":[0,0]}}
,"/Users/mac/Documents/visi8-test/src/hooks/useArticleDetail.ts": {"path":"/Users/mac/Documents/visi8-test/src/hooks/useArticleDetail.ts","statementMap":{"0":{"start":{"line":7,"column":32},"end":{"line":26,"column":1}},"1":{"start":{"line":8,"column":2},"end":{"line":25,"column":5}},"2":{"start":{"line":10,"column":19},"end":{"line":10,"column":46}}},"fnMap":{"0":{"name":"(anonymous_0)","decl":{"start":{"line":7,"column":32},"end":{"line":7,"column":33}},"loc":{"start":{"line":7,"column":55},"end":{"line":26,"column":1}},"line":7},"1":{"name":"(anonymous_1)","decl":{"start":{"line":10,"column":13},"end":{"line":10,"column":14}},"loc":{"start":{"line":10,"column":19},"end":{"line":10,"column":46}},"line":10}},"branchMap":{"0":{"loc":{"start":{"line":24,"column":13},"end":{"line":24,"column":48}},"type":"binary-expr","locations":[{"start":{"line":24,"column":13},"end":{"line":24,"column":24}},{"start":{"line":24,"column":28},"end":{"line":24,"column":48}}],"line":24}},"s":{"0":0,"1":0,"2":0},"f":{"0":0,"1":0},"b":{"0":[0,0]}}
,"/Users/mac/Documents/visi8-test/src/hooks/useArticles.ts": {"path":"/Users/mac/Documents/visi8-test/src/hooks/useArticles.ts","statementMap":{"0":{"start":{"line":7,"column":23},"end":{"line":7,"column":24}},"1":{"start":{"line":15,"column":27},"end":{"line":43,"column":1}},"2":{"start":{"line":16,"column":2},"end":{"line":42,"column":5}},"3":{"start":{"line":20,"column":34},"end":{"line":20,"column":53}},"4":{"start":{"line":21,"column":25},"end":{"line":21,"column":51}},"5":{"start":{"line":22,"column":23},"end":{"line":22,"column":50}},"6":{"start":{"line":23,"column":20},"end":{"line":23,"column":56}},"7":{"start":{"line":25,"column":6},"end":{"line":29,"column":8}},"8":{"start":{"line":32,"column":6},"end":{"line":34,"column":20}}},"fnMap":{"0":{"name":"(anonymous_0)","decl":{"start":{"line":15,"column":27},"end":{"line":15,"column":28}},"loc":{"start":{"line":15,"column":33},"end":{"line":43,"column":1}},"line":15},"1":{"name":"(anonymous_1)","decl":{"start":{"line":19,"column":13},"end":{"line":19,"column":14}},"loc":{"start":{"line":19,"column":64},"end":{"line":30,"column":5}},"line":19},"2":{"name":"(anonymous_2)","decl":{"start":{"line":31,"column":22},"end":{"line":31,"column":23}},"loc":{"start":{"line":31,"column":36},"end":{"line":35,"column":5}},"line":31}},"branchMap":{"0":{"loc":{"start":{"line":19,"column":22},"end":{"line":19,"column":35}},"type":"default-arg","locations":[{"start":{"line":19,"column":34},"end":{"line":19,"column":35}}],"line":19},"1":{"loc":{"start":{"line":32,"column":13},"end":{"line":34,"column":19}},"type":"cond-expr","locations":[{"start":{"line":33,"column":10},"end":{"line":33,"column":27}},{"start":{"line":34,"column":10},"end":{"line":34,"column":19}}],"line":32}},"s":{"0":0,"1":0,"2":0,"3":0,"4":0,"5":0,"6":0,"7":0,"8":0},"f":{"0":0,"1":0,"2":0},"b":{"0":[0],"1":[0,0]}}
,"/Users/mac/Documents/visi8-test/src/hooks/useAuth.ts": {"path":"/Users/mac/Documents/visi8-test/src/hooks/useAuth.ts","statementMap":{"0":{"start":{"line":36,"column":28},"end":{"line":94,"column":1}},"1":{"start":{"line":37,"column":19},"end":{"line":37,"column":32}},"2":{"start":{"line":38,"column":17},"end":{"line":38,"column":28}},"3":{"start":{"line":39,"column":21},"end":{"line":39,"column":36}},"4":{"start":{"line":40,"column":20},"end":{"line":40,"column":36}},"5":{"start":{"line":41,"column":29},"end":{"line":41,"column":45}},"6":{"start":{"line":48,"column":24},"end":{"line":48,"column":31}},"7":{"start":{"line":50,"column":2},"end":{"line":53,"column":23}},"8":{"start":{"line":52,"column":4},"end":{"line":52,"column":21}},"9":{"start":{"line":55,"column":2},"end":{"line":93,"column":102}},"10":{"start":{"line":56,"column":4},"end":{"line":56,"column":26}},"11":{"start":{"line":56,"column":19},"end":{"line":56,"column":26}},"12":{"start":{"line":59,"column":4},"end":{"line":61,"column":5}},"13":{"start":{"line":60,"column":6},"end":{"line":60,"column":13}},"14":{"start":{"line":64,"column":32},"end":{"line":64,"column":50}},"15":{"start":{"line":67,"column":35},"end":{"line":69,"column":5}},"16":{"start":{"line":68,"column":6},"end":{"line":68,"column":33}},"17":{"start":{"line":72,"column":38},"end":{"line":74,"column":5}},"18":{"start":{"line":73,"column":6},"end":{"line":73,"column":33}},"19":{"start":{"line":77,"column":28},"end":{"line":84,"column":5}},"20":{"start":{"line":78,"column":6},"end":{"line":83,"column":7}},"21":{"start":{"line":80,"column":8},"end":{"line":80,"column":52}},"22":{"start":{"line":82,"column":8},"end":{"line":82,"column":50}},"23":{"start":{"line":86,"column":4},"end":{"line":92,"column":5}},"24":{"start":{"line":88,"column":6},"end":{"line":88,"column":34}},"25":{"start":{"line":89,"column":11},"end":{"line":92,"column":5}},"26":{"start":{"line":91,"column":6},"end":{"line":91,"column":33}},"27":{"start":{"line":105,"column":23},"end":{"line":126,"column":1}},"28":{"start":{"line":106,"column":21},"end":{"line":106,"column":36}},"29":{"start":{"line":107,"column":15},"end":{"line":107,"column":24}},"30":{"start":{"line":108,"column":20},"end":{"line":108,"column":36}},"31":{"start":{"line":109,"column":16},"end":{"line":109,"column":30}},"32":{"start":{"line":110,"column":66},"end":{"line":110,"column":82}},"33":{"start":{"line":112,"column":2},"end":{"line":125,"column":4}},"34":{"start":{"line":138,"column":27},"end":{"line":147,"column":1}},"35":{"start":{"line":139,"column":21},"end":{"line":139,"column":36}},"36":{"start":{"line":140,"column":15},"end":{"line":140,"column":24}},"37":{"start":{"line":142,"column":2},"end":{"line":144,"column":3}},"38":{"start":{"line":143,"column":4},"end":{"line":143,"column":47}},"39":{"start":{"line":146,"column":2},"end":{"line":146,"column":30}}},"fnMap":{"0":{"name":"(anonymous_0)","decl":{"start":{"line":36,"column":28},"end":{"line":36,"column":29}},"loc":{"start":{"line":36,"column":64},"end":{"line":94,"column":1}},"line":36},"1":{"name":"(anonymous_1)","decl":{"start":{"line":50,"column":12},"end":{"line":50,"column":13}},"loc":{"start":{"line":50,"column":18},"end":{"line":53,"column":3}},"line":50},"2":{"name":"(anonymous_2)","decl":{"start":{"line":55,"column":12},"end":{"line":55,"column":13}},"loc":{"start":{"line":55,"column":18},"end":{"line":93,"column":3}},"line":55},"3":{"name":"(anonymous_3)","decl":{"start":{"line":67,"column":53},"end":{"line":67,"column":54}},"loc":{"start":{"line":68,"column":6},"end":{"line":68,"column":33}},"line":68},"4":{"name":"(anonymous_4)","decl":{"start":{"line":72,"column":59},"end":{"line":72,"column":60}},"loc":{"start":{"line":73,"column":6},"end":{"line":73,"column":33}},"line":73},"5":{"name":"(anonymous_5)","decl":{"start":{"line":77,"column":28},"end":{"line":77,"column":29}},"loc":{"start":{"line":77,"column":53},"end":{"line":84,"column":5}},"line":77},"6":{"name":"(anonymous_6)","decl":{"start":{"line":105,"column":23},"end":{"line":105,"column":24}},"loc":{"start":{"line":105,"column":29},"end":{"line":126,"column":1}},"line":105},"7":{"name":"(anonymous_7)","decl":{"start":{"line":138,"column":27},"end":{"line":138,"column":28}},"loc":{"start":{"line":138,"column":33},"end":{"line":147,"column":1}},"line":138}},"branchMap":{"0":{"loc":{"start":{"line":36,"column":29},"end":{"line":36,"column":59}},"type":"default-arg","locations":[{"start":{"line":36,"column":57},"end":{"line":36,"column":59}}],"line":36},"1":{"loc":{"start":{"line":44,"column":4},"end":{"line":44,"column":24}},"type":"default-arg","locations":[{"start":{"line":44,"column":22},"end":{"line":44,"column":24}}],"line":44},"2":{"loc":{"start":{"line":45,"column":4},"end":{"line":45,"column":59}},"type":"default-arg","locations":[{"start":{"line":45,"column":19},"end":{"line":45,"column":59}}],"line":45},"3":{"loc":{"start":{"line":46,"column":4},"end":{"line":46,"column":20}},"type":"default-arg","locations":[{"start":{"line":46,"column":17},"end":{"line":46,"column":20}}],"line":46},"4":{"loc":{"start":{"line":47,"column":4},"end":{"line":47,"column":19}},"type":"default-arg","locations":[{"start":{"line":47,"column":16},"end":{"line":47,"column":19}}],"line":47},"5":{"loc":{"start":{"line":56,"column":4},"end":{"line":56,"column":26}},"type":"if","locations":[{"start":{"line":56,"column":4},"end":{"line":56,"column":26}},{"start":{},"end":{}}],"line":56},"6":{"loc":{"start":{"line":59,"column":4},"end":{"line":61,"column":5}},"type":"if","locations":[{"start":{"line":59,"column":4},"end":{"line":61,"column":5}},{"start":{},"end":{}}],"line":59},"7":{"loc":{"start":{"line":59,"column":8},"end":{"line":59,"column":65}},"type":"binary-expr","locations":[{"start":{"line":59,"column":8},"end":{"line":59,"column":36}},{"start":{"line":59,"column":40},"end":{"line":59,"column":65}}],"line":59},"8":{"loc":{"start":{"line":86,"column":4},"end":{"line":92,"column":5}},"type":"if","locations":[{"start":{"line":86,"column":4},"end":{"line":92,"column":5}},{"start":{"line":89,"column":11},"end":{"line":92,"column":5}}],"line":86},"9":{"loc":{"start":{"line":86,"column":8},"end":{"line":86,"column":39}},"type":"binary-expr","locations":[{"start":{"line":86,"column":8},"end":{"line":86,"column":19}},{"start":{"line":86,"column":23},"end":{"line":86,"column":39}}],"line":86},"10":{"loc":{"start":{"line":89,"column":11},"end":{"line":92,"column":5}},"type":"if","locations":[{"start":{"line":89,"column":11},"end":{"line":92,"column":5}},{"start":{},"end":{}}],"line":89},"11":{"loc":{"start":{"line":89,"column":15},"end":{"line":89,"column":42}},"type":"binary-expr","locations":[{"start":{"line":89,"column":15},"end":{"line":89,"column":25}},{"start":{"line":89,"column":29},"end":{"line":89,"column":42}}],"line":89},"12":{"loc":{"start":{"line":142,"column":2},"end":{"line":144,"column":3}},"type":"if","locations":[{"start":{"line":142,"column":2},"end":{"line":144,"column":3}},{"start":{},"end":{}}],"line":142},"13":{"loc":{"start":{"line":142,"column":6},"end":{"line":142,"column":26}},"type":"binary-expr","locations":[{"start":{"line":142,"column":6},"end":{"line":142,"column":17}},{"start":{"line":142,"column":21},"end":{"line":142,"column":26}}],"line":142}},"s":{"0":0,"1":0,"2":0,"3":0,"4":0,"5":0,"6":0,"7":0,"8":0,"9":0,"10":0,"11":0,"12":0,"13":0,"14":0,"15":0,"16":0,"17":0,"18":0,"19":0,"20":0,"21":0,"22":0,"23":0,"24":0,"25":0,"26":0,"27":0,"28":0,"29":0,"30":0,"31":0,"32":0,"33":0,"34":0,"35":0,"36":0,"37":0,"38":0,"39":0},"f":{"0":0,"1":0,"2":0,"3":0,"4":0,"5":0,"6":0,"7":0},"b":{"0":[0],"1":[0],"2":[0],"3":[0],"4":[0],"5":[0,0],"6":[0,0],"7":[0,0],"8":[0,0],"9":[0,0],"10":[0,0],"11":[0,0],"12":[0,0],"13":[0,0]}}
,"/Users/mac/Documents/visi8-test/src/hooks/useFonts.ts": {"path":"/Users/mac/Documents/visi8-test/src/hooks/useFonts.ts","statementMap":{"0":{"start":{"line":15,"column":0},"end":{"line":15,"column":36}},"1":{"start":{"line":21,"column":14},"end":{"line":25,"column":1}},"2":{"start":{"line":39,"column":30},"end":{"line":49,"column":1}},"3":{"start":{"line":40,"column":35},"end":{"line":40,"column":50}},"4":{"start":{"line":42,"column":2},"end":{"line":46,"column":31}},"5":{"start":{"line":43,"column":4},"end":{"line":45,"column":5}},"6":{"start":{"line":44,"column":6},"end":{"line":44,"column":31}},"7":{"start":{"line":48,"column":2},"end":{"line":48,"column":58}},"8":{"start":{"line":54,"column":26},"end":{"line":57,"column":10}}},"fnMap":{"0":{"name":"(anonymous_0)","decl":{"start":{"line":39,"column":30},"end":{"line":39,"column":31}},"loc":{"start":{"line":39,"column":36},"end":{"line":49,"column":1}},"line":39},"1":{"name":"(anonymous_1)","decl":{"start":{"line":42,"column":12},"end":{"line":42,"column":13}},"loc":{"start":{"line":42,"column":18},"end":{"line":46,"column":3}},"line":42}},"branchMap":{"0":{"loc":{"start":{"line":43,"column":4},"end":{"line":45,"column":5}},"type":"if","locations":[{"start":{"line":43,"column":4},"end":{"line":45,"column":5}},{"start":{},"end":{}}],"line":43},"1":{"loc":{"start":{"line":43,"column":8},"end":{"line":43,"column":32}},"type":"binary-expr","locations":[{"start":{"line":43,"column":8},"end":{"line":43,"column":19}},{"start":{"line":43,"column":23},"end":{"line":43,"column":32}}],"line":43},"2":{"loc":{"start":{"line":48,"column":24},"end":{"line":48,"column":44}},"type":"binary-expr","locations":[{"start":{"line":48,"column":24},"end":{"line":48,"column":35}},{"start":{"line":48,"column":39},"end":{"line":48,"column":44}}],"line":48}},"s":{"0":0,"1":0,"2":0,"3":0,"4":0,"5":0,"6":0,"7":0,"8":0},"f":{"0":0,"1":0},"b":{"0":[0,0],"1":[0,0],"2":[0,0]}}
,"/Users/mac/Documents/visi8-test/src/hooks/useReadingProgress.ts": {"path":"/Users/mac/Documents/visi8-test/src/hooks/useReadingProgress.ts","statementMap":{"0":{"start":{"line":4,"column":34},"end":{"line":44,"column":1}},"1":{"start":{"line":8,"column":4},"end":{"line":11,"column":5}},"2":{"start":{"line":10,"column":8},"end":{"line":10,"column":38}},"3":{"start":{"line":14,"column":4},"end":{"line":16,"column":5}},"4":{"start":{"line":15,"column":17},"end":{"line":15,"column":34}},"5":{"start":{"line":19,"column":4},"end":{"line":21,"column":5}},"6":{"start":{"line":20,"column":17},"end":{"line":20,"column":36}},"7":{"start":{"line":23,"column":23},"end":{"line":31,"column":3}},"8":{"start":{"line":25,"column":6},"end":{"line":28,"column":8}},"9":{"start":{"line":34,"column":4},"end":{"line":36,"column":34}},"10":{"start":{"line":35,"column":6},"end":{"line":35,"column":31}},"11":{"start":{"line":38,"column":2},"end":{"line":43,"column":4}}},"fnMap":{"0":{"name":"(anonymous_0)","decl":{"start":{"line":4,"column":34},"end":{"line":4,"column":35}},"loc":{"start":{"line":6,"column":5},"end":{"line":44,"column":1}},"line":6},"1":{"name":"(anonymous_1)","decl":{"start":{"line":9,"column":6},"end":{"line":9,"column":7}},"loc":{"start":{"line":10,"column":8},"end":{"line":10,"column":38}},"line":10},"2":{"name":"(anonymous_2)","decl":{"start":{"line":15,"column":6},"end":{"line":15,"column":7}},"loc":{"start":{"line":15,"column":17},"end":{"line":15,"column":34}},"line":15},"3":{"name":"(anonymous_3)","decl":{"start":{"line":20,"column":6},"end":{"line":20,"column":7}},"loc":{"start":{"line":20,"column":17},"end":{"line":20,"column":36}},"line":20},"4":{"name":"(anonymous_4)","decl":{"start":{"line":24,"column":4},"end":{"line":24,"column":5}},"loc":{"start":{"line":24,"column":25},"end":{"line":29,"column":5}},"line":24},"5":{"name":"(anonymous_5)","decl":{"start":{"line":34,"column":16},"end":{"line":34,"column":17}},"loc":{"start":{"line":34,"column":22},"end":{"line":36,"column":5}},"line":34}},"branchMap":{"0":{"loc":{"start":{"line":10,"column":8},"end":{"line":10,"column":38}},"type":"binary-expr","locations":[{"start":{"line":10,"column":8},"end":{"line":10,"column":33}},{"start":{"line":10,"column":37},"end":{"line":10,"column":38}}],"line":10}},"s":{"0":0,"1":0,"2":0,"3":0,"4":0,"5":0,"6":0,"7":0,"8":0,"9":0,"10":0,"11":0},"f":{"0":0,"1":0,"2":0,"3":0,"4":0,"5":0},"b":{"0":[0,0]}}
,"/Users/mac/Documents/visi8-test/src/hooks/useReadingProgressWithScroll.ts": {"path":"/Users/mac/Documents/visi8-test/src/hooks/useReadingProgressWithScroll.ts","statementMap":{"0":{"start":{"line":27,"column":44},"end":{"line":139,"column":1}},"1":{"start":{"line":32,"column":22},"end":{"line":32,"column":75}},"2":{"start":{"line":32,"column":57},"end":{"line":32,"column":74}},"3":{"start":{"line":35,"column":22},"end":{"line":35,"column":35}},"4":{"start":{"line":38,"column":27},"end":{"line":38,"column":77}},"5":{"start":{"line":41,"column":25},"end":{"line":41,"column":34}},"6":{"start":{"line":50,"column":23},"end":{"line":71,"column":3}},"7":{"start":{"line":52,"column":22},"end":{"line":52,"column":55}},"8":{"start":{"line":55,"column":6},"end":{"line":55,"column":39}},"9":{"start":{"line":58,"column":6},"end":{"line":60,"column":7}},"10":{"start":{"line":59,"column":8},"end":{"line":59,"column":47}},"11":{"start":{"line":63,"column":6},"end":{"line":68,"column":14}},"12":{"start":{"line":64,"column":8},"end":{"line":66,"column":9}},"13":{"start":{"line":65,"column":10},"end":{"line":65,"column":42}},"14":{"start":{"line":67,"column":8},"end":{"line":67,"column":40}},"15":{"start":{"line":81,"column":2},"end":{"line":109,"column":49}},"16":{"start":{"line":87,"column":4},"end":{"line":95,"column":5}},"17":{"start":{"line":94,"column":6},"end":{"line":94,"column":13}},"18":{"start":{"line":99,"column":4},"end":{"line":108,"column":5}},"19":{"start":{"line":100,"column":6},"end":{"line":103,"column":9}},"20":{"start":{"line":104,"column":6},"end":{"line":104,"column":33}},"21":{"start":{"line":106,"column":6},"end":{"line":106,"column":82}},"22":{"start":{"line":107,"column":6},"end":{"line":107,"column":33}},"23":{"start":{"line":121,"column":2},"end":{"line":134,"column":31}},"24":{"start":{"line":122,"column":4},"end":{"line":133,"column":6}},"25":{"start":{"line":124,"column":6},"end":{"line":127,"column":7}},"26":{"start":{"line":125,"column":8},"end":{"line":125,"column":47}},"27":{"start":{"line":126,"column":8},"end":{"line":126,"column":40}},"28":{"start":{"line":130,"column":6},"end":{"line":132,"column":7}},"29":{"start":{"line":131,"column":8},"end":{"line":131,"column":55}},"30":{"start":{"line":136,"column":2},"end":{"line":138,"column":4}}},"fnMap":{"0":{"name":"(anonymous_0)","decl":{"start":{"line":27,"column":44},"end":{"line":27,"column":45}},"loc":{"start":{"line":31,"column":41},"end":{"line":139,"column":1}},"line":31},"1":{"name":"(anonymous_1)","decl":{"start":{"line":32,"column":46},"end":{"line":32,"column":47}},"loc":{"start":{"line":32,"column":57},"end":{"line":32,"column":74}},"line":32},"2":{"name":"(anonymous_2)","decl":{"start":{"line":51,"column":4},"end":{"line":51,"column":5}},"loc":{"start":{"line":51,"column":66},"end":{"line":69,"column":5}},"line":51},"3":{"name":"(anonymous_3)","decl":{"start":{"line":63,"column":44},"end":{"line":63,"column":45}},"loc":{"start":{"line":63,"column":50},"end":{"line":68,"column":7}},"line":63},"4":{"name":"(anonymous_4)","decl":{"start":{"line":81,"column":12},"end":{"line":81,"column":13}},"loc":{"start":{"line":81,"column":18},"end":{"line":109,"column":3}},"line":81},"5":{"name":"(anonymous_5)","decl":{"start":{"line":121,"column":12},"end":{"line":121,"column":13}},"loc":{"start":{"line":121,"column":18},"end":{"line":134,"column":3}},"line":121},"6":{"name":"(anonymous_6)","decl":{"start":{"line":122,"column":11},"end":{"line":122,"column":12}},"loc":{"start":{"line":122,"column":17},"end":{"line":133,"column":5}},"line":122}},"branchMap":{"0":{"loc":{"start":{"line":58,"column":6},"end":{"line":60,"column":7}},"type":"if","locations":[{"start":{"line":58,"column":6},"end":{"line":60,"column":7}},{"start":{},"end":{}}],"line":58},"1":{"loc":{"start":{"line":64,"column":8},"end":{"line":66,"column":9}},"type":"if","locations":[{"start":{"line":64,"column":8},"end":{"line":66,"column":9}},{"start":{},"end":{}}],"line":64},"2":{"loc":{"start":{"line":64,"column":12},"end":{"line":64,"column":68}},"type":"binary-expr","locations":[{"start":{"line":64,"column":12},"end":{"line":64,"column":21}},{"start":{"line":64,"column":25},"end":{"line":64,"column":52}},{"start":{"line":64,"column":56},"end":{"line":64,"column":68}}],"line":64},"3":{"loc":{"start":{"line":87,"column":4},"end":{"line":95,"column":5}},"type":"if","locations":[{"start":{"line":87,"column":4},"end":{"line":95,"column":5}},{"start":{},"end":{}}],"line":87},"4":{"loc":{"start":{"line":88,"column":6},"end":{"line":92,"column":28}},"type":"binary-expr","locations":[{"start":{"line":88,"column":6},"end":{"line":88,"column":16}},{"start":{"line":89,"column":6},"end":{"line":89,"column":25}},{"start":{"line":90,"column":6},"end":{"line":90,"column":21}},{"start":{"line":91,"column":6},"end":{"line":91,"column":25}},{"start":{"line":92,"column":6},"end":{"line":92,"column":28}}],"line":88},"5":{"loc":{"start":{"line":124,"column":6},"end":{"line":127,"column":7}},"type":"if","locations":[{"start":{"line":124,"column":6},"end":{"line":127,"column":7}},{"start":{},"end":{}}],"line":124},"6":{"loc":{"start":{"line":130,"column":6},"end":{"line":132,"column":7}},"type":"if","locations":[{"start":{"line":130,"column":6},"end":{"line":132,"column":7}},{"start":{},"end":{}}],"line":130},"7":{"loc":{"start":{"line":130,"column":10},"end":{"line":130,"column":49}},"type":"binary-expr","locations":[{"start":{"line":130,"column":10},"end":{"line":130,"column":19}},{"start":{"line":130,"column":23},"end":{"line":130,"column":49}}],"line":130}},"s":{"0":0,"1":0,"2":0,"3":0,"4":0,"5":0,"6":0,"7":0,"8":0,"9":0,"10":0,"11":0,"12":0,"13":0,"14":0,"15":0,"16":0,"17":0,"18":0,"19":0,"20":0,"21":0,"22":0,"23":0,"24":0,"25":0,"26":0,"27":0,"28":0,"29":0,"30":0},"f":{"0":0,"1":0,"2":0,"3":0,"4":0,"5":0,"6":0},"b":{"0":[0,0],"1":[0,0],"2":[0,0,0],"3":[0,0],"4":[0,0,0,0,0],"5":[0,0],"6":[0,0],"7":[0,0]}}
,"/Users/mac/Documents/visi8-test/src/providers/query-provider.tsx": {"path":"/Users/mac/Documents/visi8-test/src/providers/query-provider.tsx","statementMap":{"0":{"start":{"line":10,"column":27},"end":{"line":44,"column":1}},"1":{"start":{"line":47,"column":21},"end":{"line":75,"column":1}},"2":{"start":{"line":50,"column":4},"end":{"line":68,"column":5}},"3":{"start":{"line":51,"column":27},"end":{"line":51,"column":54}},"4":{"start":{"line":54,"column":6},"end":{"line":60,"column":7}},"5":{"start":{"line":59,"column":8},"end":{"line":59,"column":21}},"6":{"start":{"line":63,"column":6},"end":{"line":67,"column":7}},"7":{"start":{"line":66,"column":8},"end":{"line":66,"column":21}},"8":{"start":{"line":71,"column":4},"end":{"line":71,"column":28}},"9":{"start":{"line":74,"column":4},"end":{"line":74,"column":45}},"10":{"start":{"line":80,"column":26},"end":{"line":136,"column":1}},"11":{"start":{"line":81,"column":2},"end":{"line":122,"column":5}},"12":{"start":{"line":125,"column":2},"end":{"line":129,"column":4}},"13":{"start":{"line":127,"column":6},"end":{"line":127,"column":49}},"14":{"start":{"line":131,"column":2},"end":{"line":135,"column":4}},"15":{"start":{"line":133,"column":6},"end":{"line":133,"column":52}},"16":{"start":{"line":139,"column":20},"end":{"line":139,"column":39}},"17":{"start":{"line":149,"column":59},"end":{"line":155,"column":1}},"18":{"start":{"line":150,"column":2},"end":{"line":154,"column":4}},"19":{"start":{"line":161,"column":30},"end":{"line":163,"column":1}},"20":{"start":{"line":162,"column":2},"end":{"line":162,"column":21}},"21":{"start":{"line":168,"column":32},"end":{"line":172,"column":1}},"22":{"start":{"line":169,"column":2},"end":{"line":169,"column":22}},"23":{"start":{"line":170,"column":2},"end":{"line":170,"column":38}},"24":{"start":{"line":171,"column":2},"end":{"line":171,"column":41}},"25":{"start":{"line":178,"column":31},"end":{"line":191,"column":1}},"26":{"start":{"line":182,"column":2},"end":{"line":190,"column":3}},"27":{"start":{"line":183,"column":4},"end":{"line":187,"column":6}},"28":{"start":{"line":185,"column":8},"end":{"line":185,"column":56}},"29":{"start":{"line":189,"column":4},"end":{"line":189,"column":55}},"30":{"start":{"line":197,"column":33},"end":{"line":210,"column":1}},"31":{"start":{"line":201,"column":2},"end":{"line":209,"column":3}},"32":{"start":{"line":202,"column":4},"end":{"line":206,"column":6}},"33":{"start":{"line":204,"column":8},"end":{"line":204,"column":45}},"34":{"start":{"line":208,"column":4},"end":{"line":208,"column":56}},"35":{"start":{"line":215,"column":29},"end":{"line":230,"column":1}},"36":{"start":{"line":221,"column":16},"end":{"line":221,"column":43}},"37":{"start":{"line":222,"column":18},"end":{"line":222,"column":32}},"38":{"start":{"line":224,"column":2},"end":{"line":229,"column":4}},"39":{"start":{"line":226,"column":32},"end":{"line":226,"column":66}},"40":{"start":{"line":227,"column":34},"end":{"line":227,"column":61}},"41":{"start":{"line":228,"column":31},"end":{"line":228,"column":42}},"42":{"start":{"line":233,"column":32},"end":{"line":241,"column":1}},"43":{"start":{"line":235,"column":15},"end":{"line":235,"column":44}},"44":{"start":{"line":236,"column":29},"end":{"line":236,"column":67}},"45":{"start":{"line":237,"column":17},"end":{"line":237,"column":48}},"46":{"start":{"line":238,"column":26},"end":{"line":238,"column":61}},"47":{"start":{"line":239,"column":29},"end":{"line":239,"column":67}},"48":{"start":{"line":240,"column":28},"end":{"line":240,"column":65}},"49":{"start":{"line":244,"column":29},"end":{"line":249,"column":1}},"50":{"start":{"line":246,"column":17},"end":{"line":246,"column":46}},"51":{"start":{"line":247,"column":17},"end":{"line":247,"column":46}},"52":{"start":{"line":248,"column":21},"end":{"line":248,"column":54}},"53":{"start":{"line":252,"column":28},"end":{"line":256,"column":1}},"54":{"start":{"line":253,"column":16},"end":{"line":253,"column":42}},"55":{"start":{"line":254,"column":18},"end":{"line":254,"column":46}},"56":{"start":{"line":255,"column":17},"end":{"line":255,"column":44}}},"fnMap":{"0":{"name":"(anonymous_0)","decl":{"start":{"line":48,"column":11},"end":{"line":48,"column":12}},"loc":{"start":{"line":48,"column":62},"end":{"line":72,"column":3}},"line":48},"1":{"name":"(anonymous_1)","decl":{"start":{"line":73,"column":14},"end":{"line":73,"column":15}},"loc":{"start":{"line":74,"column":4},"end":{"line":74,"column":45}},"line":74},"2":{"name":"(anonymous_2)","decl":{"start":{"line":80,"column":26},"end":{"line":80,"column":27}},"loc":{"start":{"line":80,"column":45},"end":{"line":136,"column":1}},"line":80},"3":{"name":"(anonymous_3)","decl":{"start":{"line":126,"column":13},"end":{"line":126,"column":14}},"loc":{"start":{"line":126,"column":33},"end":{"line":128,"column":5}},"line":126},"4":{"name":"(anonymous_4)","decl":{"start":{"line":132,"column":13},"end":{"line":132,"column":14}},"loc":{"start":{"line":132,"column":33},"end":{"line":134,"column":5}},"line":132},"5":{"name":"(anonymous_5)","decl":{"start":{"line":149,"column":59},"end":{"line":149,"column":60}},"loc":{"start":{"line":149,"column":77},"end":{"line":155,"column":1}},"line":149},"6":{"name":"(anonymous_6)","decl":{"start":{"line":161,"column":30},"end":{"line":161,"column":31}},"loc":{"start":{"line":161,"column":49},"end":{"line":163,"column":1}},"line":161},"7":{"name":"(anonymous_7)","decl":{"start":{"line":168,"column":32},"end":{"line":168,"column":33}},"loc":{"start":{"line":168,"column":44},"end":{"line":172,"column":1}},"line":168},"8":{"name":"(anonymous_8)","decl":{"start":{"line":178,"column":31},"end":{"line":178,"column":32}},"loc":{"start":{"line":181,"column":22},"end":{"line":191,"column":1}},"line":181},"9":{"name":"(anonymous_9)","decl":{"start":{"line":184,"column":18},"end":{"line":184,"column":19}},"loc":{"start":{"line":185,"column":8},"end":{"line":185,"column":56}},"line":185},"10":{"name":"(anonymous_10)","decl":{"start":{"line":197,"column":33},"end":{"line":197,"column":34}},"loc":{"start":{"line":200,"column":22},"end":{"line":210,"column":1}},"line":200},"11":{"name":"(anonymous_11)","decl":{"start":{"line":203,"column":18},"end":{"line":203,"column":19}},"loc":{"start":{"line":204,"column":8},"end":{"line":204,"column":45}},"line":204},"12":{"name":"(anonymous_12)","decl":{"start":{"line":215,"column":29},"end":{"line":215,"column":30}},"loc":{"start":{"line":220,"column":5},"end":{"line":230,"column":1}},"line":220},"13":{"name":"(anonymous_13)","decl":{"start":{"line":226,"column":27},"end":{"line":226,"column":28}},"loc":{"start":{"line":226,"column":32},"end":{"line":226,"column":66}},"line":226},"14":{"name":"(anonymous_14)","decl":{"start":{"line":227,"column":29},"end":{"line":227,"column":30}},"loc":{"start":{"line":227,"column":34},"end":{"line":227,"column":61}},"line":227},"15":{"name":"(anonymous_15)","decl":{"start":{"line":228,"column":26},"end":{"line":228,"column":27}},"loc":{"start":{"line":228,"column":31},"end":{"line":228,"column":42}},"line":228},"16":{"name":"(anonymous_16)","decl":{"start":{"line":235,"column":9},"end":{"line":235,"column":10}},"loc":{"start":{"line":235,"column":15},"end":{"line":235,"column":44}},"line":235},"17":{"name":"(anonymous_17)","decl":{"start":{"line":236,"column":8},"end":{"line":236,"column":9}},"loc":{"start":{"line":236,"column":29},"end":{"line":236,"column":67}},"line":236},"18":{"name":"(anonymous_18)","decl":{"start":{"line":237,"column":11},"end":{"line":237,"column":12}},"loc":{"start":{"line":237,"column":17},"end":{"line":237,"column":48}},"line":237},"19":{"name":"(anonymous_19)","decl":{"start":{"line":238,"column":10},"end":{"line":238,"column":11}},"loc":{"start":{"line":238,"column":26},"end":{"line":238,"column":61}},"line":238},"20":{"name":"(anonymous_20)","decl":{"start":{"line":239,"column":10},"end":{"line":239,"column":11}},"loc":{"start":{"line":239,"column":29},"end":{"line":239,"column":67}},"line":239},"21":{"name":"(anonymous_21)","decl":{"start":{"line":240,"column":12},"end":{"line":240,"column":13}},"loc":{"start":{"line":240,"column":28},"end":{"line":240,"column":65}},"line":240},"22":{"name":"(anonymous_22)","decl":{"start":{"line":246,"column":11},"end":{"line":246,"column":12}},"loc":{"start":{"line":246,"column":17},"end":{"line":246,"column":46}},"line":246},"23":{"name":"(anonymous_23)","decl":{"start":{"line":247,"column":11},"end":{"line":247,"column":12}},"loc":{"start":{"line":247,"column":17},"end":{"line":247,"column":46}},"line":247},"24":{"name":"(anonymous_24)","decl":{"start":{"line":248,"column":15},"end":{"line":248,"column":16}},"loc":{"start":{"line":248,"column":21},"end":{"line":248,"column":54}},"line":248},"25":{"name":"(anonymous_25)","decl":{"start":{"line":253,"column":10},"end":{"line":253,"column":11}},"loc":{"start":{"line":253,"column":16},"end":{"line":253,"column":42}},"line":253},"26":{"name":"(anonymous_26)","decl":{"start":{"line":254,"column":12},"end":{"line":254,"column":13}},"loc":{"start":{"line":254,"column":18},"end":{"line":254,"column":46}},"line":254},"27":{"name":"(anonymous_27)","decl":{"start":{"line":255,"column":11},"end":{"line":255,"column":12}},"loc":{"start":{"line":255,"column":17},"end":{"line":255,"column":44}},"line":255}},"branchMap":{"0":{"loc":{"start":{"line":50,"column":4},"end":{"line":68,"column":5}},"type":"if","locations":[{"start":{"line":50,"column":4},"end":{"line":68,"column":5}},{"start":{},"end":{}}],"line":50},"1":{"loc":{"start":{"line":54,"column":6},"end":{"line":60,"column":7}},"type":"if","locations":[{"start":{"line":54,"column":6},"end":{"line":60,"column":7}},{"start":{},"end":{}}],"line":54},"2":{"loc":{"start":{"line":54,"column":10},"end":{"line":58,"column":38}},"type":"binary-expr","locations":[{"start":{"line":54,"column":10},"end":{"line":54,"column":38}},{"start":{"line":55,"column":10},"end":{"line":55,"column":38}},{"start":{"line":56,"column":10},"end":{"line":56,"column":38}},{"start":{"line":57,"column":10},"end":{"line":57,"column":38}},{"start":{"line":58,"column":10},"end":{"line":58,"column":38}}],"line":54},"3":{"loc":{"start":{"line":63,"column":6},"end":{"line":67,"column":7}},"type":"if","locations":[{"start":{"line":63,"column":6},"end":{"line":67,"column":7}},{"start":{},"end":{}}],"line":63},"4":{"loc":{"start":{"line":63,"column":10},"end":{"line":65,"column":44}},"type":"binary-expr","locations":[{"start":{"line":63,"column":10},"end":{"line":63,"column":49}},{"start":{"line":64,"column":10},"end":{"line":64,"column":48}},{"start":{"line":65,"column":10},"end":{"line":65,"column":44}}],"line":63}},"s":{"0":0,"1":0,"2":0,"3":0,"4":0,"5":0,"6":0,"7":0,"8":0,"9":0,"10":0,"11":0,"12":0,"13":0,"14":0,"15":0,"16":0,"17":0,"18":0,"19":0,"20":0,"21":0,"22":0,"23":0,"24":0,"25":0,"26":0,"27":0,"28":0,"29":0,"30":0,"31":0,"32":0,"33":0,"34":0,"35":0,"36":0,"37":0,"38":0,"39":0,"40":0,"41":0,"42":0,"43":0,"44":0,"45":0,"46":0,"47":0,"48":0,"49":0,"50":0,"51":0,"52":0,"53":0,"54":0,"55":0,"56":0},"f":{"0":0,"1":0,"2":0,"3":0,"4":0,"5":0,"6":0,"7":0,"8":0,"9":0,"10":0,"11":0,"12":0,"13":0,"14":0,"15":0,"16":0,"17":0,"18":0,"19":0,"20":0,"21":0,"22":0,"23":0,"24":0,"25":0,"26":0,"27":0},"b":{"0":[0,0],"1":[0,0],"2":[0,0,0,0,0],"3":[0,0],"4":[0,0,0]}}
,"/Users/mac/Documents/visi8-test/src/services/article-detail.service.ts": {"path":"/Users/mac/Documents/visi8-test/src/services/article-detail.service.ts","statementMap":{"0":{"start":{"line":4,"column":2},"end":{"line":4,"column":86}},"1":{"start":{"line":14,"column":32},"end":{"line":19,"column":1}},"2":{"start":{"line":15,"column":19},"end":{"line":17,"column":3}},"3":{"start":{"line":18,"column":2},"end":{"line":18,"column":14}},"4":{"start":{"line":21,"column":36},"end":{"line":37,"column":1}},"5":{"start":{"line":24,"column":2},"end":{"line":26,"column":3}},"6":{"start":{"line":25,"column":4},"end":{"line":25,"column":14}},"7":{"start":{"line":28,"column":2},"end":{"line":30,"column":3}},"8":{"start":{"line":29,"column":4},"end":{"line":29,"column":16}},"9":{"start":{"line":32,"column":25},"end":{"line":34,"column":23}},"10":{"start":{"line":36,"column":2},"end":{"line":36,"column":51}}},"fnMap":{"0":{"name":"(anonymous_0)","decl":{"start":{"line":14,"column":32},"end":{"line":14,"column":33}},"loc":{"start":{"line":14,"column":85},"end":{"line":19,"column":1}},"line":14},"1":{"name":"(anonymous_1)","decl":{"start":{"line":21,"column":36},"end":{"line":21,"column":37}},"loc":{"start":{"line":23,"column":13},"end":{"line":37,"column":1}},"line":23}},"branchMap":{"0":{"loc":{"start":{"line":24,"column":2},"end":{"line":26,"column":3}},"type":"if","locations":[{"start":{"line":24,"column":2},"end":{"line":26,"column":3}},{"start":{},"end":{}}],"line":24},"1":{"loc":{"start":{"line":28,"column":2},"end":{"line":30,"column":3}},"type":"if","locations":[{"start":{"line":28,"column":2},"end":{"line":30,"column":3}},{"start":{},"end":{}}],"line":28}},"s":{"0":1,"1":1,"2":0,"3":0,"4":1,"5":9,"6":1,"7":8,"8":2,"9":6,"10":6},"f":{"0":0,"1":9},"b":{"0":[1,8],"1":[2,6]},"_coverageSchema":"1a1c01bbd47fc00a2c39e90264f33305004495a9","hash":"abfcd41dfbb4f24c34d4c549a609943e57fad6e9"}
,"/Users/mac/Documents/visi8-test/src/services/articles.service.ts": {"path":"/Users/mac/Documents/visi8-test/src/services/articles.service.ts","statementMap":{"0":{"start":{"line":4,"column":2},"end":{"line":4,"column":100}},"1":{"start":{"line":7,"column":2},"end":{"line":7,"column":86}},"2":{"start":{"line":16,"column":27},"end":{"line":20,"column":1}},"3":{"start":{"line":17,"column":19},"end":{"line":17,"column":54}},"4":{"start":{"line":19,"column":2},"end":{"line":19,"column":14}},"5":{"start":{"line":22,"column":29},"end":{"line":28,"column":1}},"6":{"start":{"line":23,"column":2},"end":{"line":25,"column":3}},"7":{"start":{"line":24,"column":4},"end":{"line":24,"column":16}},"8":{"start":{"line":27,"column":2},"end":{"line":27,"column":36}}},"fnMap":{"0":{"name":"(anonymous_0)","decl":{"start":{"line":16,"column":27},"end":{"line":16,"column":28}},"loc":{"start":{"line":16,"column":59},"end":{"line":20,"column":1}},"line":16},"1":{"name":"(anonymous_1)","decl":{"start":{"line":22,"column":29},"end":{"line":22,"column":30}},"loc":{"start":{"line":22,"column":55},"end":{"line":28,"column":1}},"line":22}},"branchMap":{"0":{"loc":{"start":{"line":23,"column":2},"end":{"line":25,"column":3}},"type":"if","locations":[{"start":{"line":23,"column":2},"end":{"line":25,"column":3}},{"start":{},"end":{}}],"line":23}},"s":{"0":0,"1":0,"2":0,"3":0,"4":0,"5":0,"6":0,"7":0,"8":0},"f":{"0":0,"1":0},"b":{"0":[0,0]}}
,"/Users/mac/Documents/visi8-test/src/services/secure-storage.ts": {"path":"/Users/mac/Documents/visi8-test/src/services/secure-storage.ts","statementMap":{"0":{"start":{"line":21,"column":23},"end":{"line":21,"column":53}},"1":{"start":{"line":27,"column":16},"end":{"line":41,"column":1}},"2":{"start":{"line":28,"column":2},"end":{"line":40,"column":3}},"3":{"start":{"line":29,"column":17},"end":{"line":29,"column":19}},"4":{"start":{"line":30,"column":4},"end":{"line":34,"column":5}},"5":{"start":{"line":30,"column":17},"end":{"line":30,"column":18}},"6":{"start":{"line":31,"column":6},"end":{"line":33,"column":8}},"7":{"start":{"line":36,"column":4},"end":{"line":36,"column":24}},"8":{"start":{"line":38,"column":4},"end":{"line":38,"column":47}},"9":{"start":{"line":39,"column":4},"end":{"line":39,"column":16}},"10":{"start":{"line":47,"column":16},"end":{"line":61,"column":1}},"11":{"start":{"line":48,"column":2},"end":{"line":60,"column":3}},"12":{"start":{"line":49,"column":17},"end":{"line":49,"column":34}},"13":{"start":{"line":50,"column":17},"end":{"line":50,"column":19}},"14":{"start":{"line":51,"column":4},"end":{"line":55,"column":5}},"15":{"start":{"line":51,"column":17},"end":{"line":51,"column":18}},"16":{"start":{"line":52,"column":6},"end":{"line":54,"column":8}},"17":{"start":{"line":56,"column":4},"end":{"line":56,"column":18}},"18":{"start":{"line":58,"column":4},"end":{"line":58,"column":47}},"19":{"start":{"line":59,"column":4},"end":{"line":59,"column":23}},"20":{"start":{"line":69,"column":32},"end":{"line":83,"column":1}},"21":{"start":{"line":70,"column":2},"end":{"line":82,"column":3}},"22":{"start":{"line":72,"column":23},"end":{"line":72,"column":44}},"23":{"start":{"line":75,"column":22},"end":{"line":75,"column":41}},"24":{"start":{"line":78,"column":4},"end":{"line":78,"column":37}},"25":{"start":{"line":80,"column":4},"end":{"line":80,"column":61}},"26":{"start":{"line":81,"column":4},"end":{"line":81,"column":16}},"27":{"start":{"line":90,"column":32},"end":{"line":108,"column":1}},"28":{"start":{"line":91,"column":2},"end":{"line":107,"column":3}},"29":{"start":{"line":93,"column":22},"end":{"line":93,"column":51}},"30":{"start":{"line":95,"column":4},"end":{"line":97,"column":5}},"31":{"start":{"line":96,"column":6},"end":{"line":96,"column":18}},"32":{"start":{"line":100,"column":22},"end":{"line":100,"column":40}},"33":{"start":{"line":103,"column":4},"end":{"line":103,"column":38}},"34":{"start":{"line":105,"column":4},"end":{"line":105,"column":64}},"35":{"start":{"line":106,"column":4},"end":{"line":106,"column":16}},"36":{"start":{"line":115,"column":35},"end":{"line":122,"column":1}},"37":{"start":{"line":116,"column":2},"end":{"line":121,"column":3}},"38":{"start":{"line":117,"column":4},"end":{"line":117,"column":29}},"39":{"start":{"line":119,"column":4},"end":{"line":119,"column":68}},"40":{"start":{"line":120,"column":4},"end":{"line":120,"column":16}},"41":{"start":{"line":129,"column":32},"end":{"line":137,"column":1}},"42":{"start":{"line":130,"column":2},"end":{"line":136,"column":3}},"43":{"start":{"line":131,"column":18},"end":{"line":131,"column":47}},"44":{"start":{"line":132,"column":4},"end":{"line":132,"column":26}},"45":{"start":{"line":134,"column":4},"end":{"line":134,"column":67}},"46":{"start":{"line":135,"column":4},"end":{"line":135,"column":17}}},"fnMap":{"0":{"name":"(anonymous_0)","decl":{"start":{"line":27,"column":16},"end":{"line":27,"column":17}},"loc":{"start":{"line":27,"column":42},"end":{"line":41,"column":1}},"line":27},"1":{"name":"(anonymous_1)","decl":{"start":{"line":47,"column":16},"end":{"line":47,"column":17}},"loc":{"start":{"line":47,"column":49},"end":{"line":61,"column":1}},"line":47},"2":{"name":"(anonymous_2)","decl":{"start":{"line":69,"column":32},"end":{"line":69,"column":33}},"loc":{"start":{"line":69,"column":83},"end":{"line":83,"column":1}},"line":69},"3":{"name":"(anonymous_3)","decl":{"start":{"line":90,"column":32},"end":{"line":90,"column":33}},"loc":{"start":{"line":90,"column":77},"end":{"line":108,"column":1}},"line":90},"4":{"name":"(anonymous_4)","decl":{"start":{"line":115,"column":35},"end":{"line":115,"column":36}},"loc":{"start":{"line":115,"column":73},"end":{"line":122,"column":1}},"line":115},"5":{"name":"(anonymous_5)","decl":{"start":{"line":129,"column":32},"end":{"line":129,"column":33}},"loc":{"start":{"line":129,"column":73},"end":{"line":137,"column":1}},"line":129}},"branchMap":{"0":{"loc":{"start":{"line":95,"column":4},"end":{"line":97,"column":5}},"type":"if","locations":[{"start":{"line":95,"column":4},"end":{"line":97,"column":5}},{"start":{},"end":{}}],"line":95}},"s":{"0":0,"1":0,"2":0,"3":0,"4":0,"5":0,"6":0,"7":0,"8":0,"9":0,"10":0,"11":0,"12":0,"13":0,"14":0,"15":0,"16":0,"17":0,"18":0,"19":0,"20":0,"21":0,"22":0,"23":0,"24":0,"25":0,"26":0,"27":0,"28":0,"29":0,"30":0,"31":0,"32":0,"33":0,"34":0,"35":0,"36":0,"37":0,"38":0,"39":0,"40":0,"41":0,"42":0,"43":0,"44":0,"45":0,"46":0},"f":{"0":0,"1":0,"2":0,"3":0,"4":0,"5":0},"b":{"0":[0,0]}}
,"/Users/mac/Documents/visi8-test/src/services/storage.ts": {"path":"/Users/mac/Documents/visi8-test/src/services/storage.ts","statementMap":{"0":{"start":{"line":16,"column":31},"end":{"line":16,"column":46}},"1":{"start":{"line":17,"column":48},"end":{"line":17,"column":50}},"2":{"start":{"line":22,"column":26},"end":{"line":39,"column":1}},"3":{"start":{"line":23,"column":2},"end":{"line":38,"column":3}},"4":{"start":{"line":25,"column":4},"end":{"line":25,"column":51}},"5":{"start":{"line":26,"column":22},"end":{"line":26,"column":60}},"6":{"start":{"line":28,"column":4},"end":{"line":34,"column":5}},"7":{"start":{"line":29,"column":6},"end":{"line":29,"column":36}},"8":{"start":{"line":31,"column":6},"end":{"line":31,"column":48}},"9":{"start":{"line":33,"column":6},"end":{"line":33,"column":50}},"10":{"start":{"line":36,"column":4},"end":{"line":36,"column":36}},"11":{"start":{"line":37,"column":4},"end":{"line":37,"column":76}},"12":{"start":{"line":42,"column":0},"end":{"line":42,"column":20}},"13":{"start":{"line":47,"column":26},"end":{"line":63,"column":1}},"14":{"start":{"line":48,"column":2},"end":{"line":62,"column":3}},"15":{"start":{"line":49,"column":23},"end":{"line":49,"column":44}},"16":{"start":{"line":51,"column":4},"end":{"line":55,"column":5}},"17":{"start":{"line":52,"column":6},"end":{"line":52,"column":50}},"18":{"start":{"line":54,"column":6},"end":{"line":54,"column":40}},"19":{"start":{"line":57,"column":4},"end":{"line":57,"column":16}},"20":{"start":{"line":59,"column":25},"end":{"line":59,"column":81}},"21":{"start":{"line":60,"column":4},"end":{"line":60,"column":75}},"22":{"start":{"line":61,"column":4},"end":{"line":61,"column":17}},"23":{"start":{"line":68,"column":26},"end":{"line":88,"column":1}},"24":{"start":{"line":69,"column":2},"end":{"line":87,"column":3}},"25":{"start":{"line":72,"column":4},"end":{"line":76,"column":5}},"26":{"start":{"line":73,"column":6},"end":{"line":73,"column":46}},"27":{"start":{"line":75,"column":6},"end":{"line":75,"column":35}},"28":{"start":{"line":78,"column":4},"end":{"line":80,"column":5}},"29":{"start":{"line":79,"column":6},"end":{"line":79,"column":23}},"30":{"start":{"line":82,"column":4},"end":{"line":82,"column":34}},"31":{"start":{"line":84,"column":25},"end":{"line":84,"column":81}},"32":{"start":{"line":85,"column":4},"end":{"line":85,"column":75}},"33":{"start":{"line":86,"column":4},"end":{"line":86,"column":21}},"34":{"start":{"line":93,"column":29},"end":{"line":106,"column":1}},"35":{"start":{"line":94,"column":2},"end":{"line":105,"column":3}},"36":{"start":{"line":95,"column":4},"end":{"line":99,"column":5}},"37":{"start":{"line":96,"column":6},"end":{"line":96,"column":41}},"38":{"start":{"line":98,"column":6},"end":{"line":98,"column":34}},"39":{"start":{"line":100,"column":4},"end":{"line":100,"column":16}},"40":{"start":{"line":102,"column":25},"end":{"line":102,"column":81}},"41":{"start":{"line":103,"column":4},"end":{"line":103,"column":76}},"42":{"start":{"line":104,"column":4},"end":{"line":104,"column":17}},"43":{"start":{"line":111,"column":26},"end":{"line":127,"column":1}},"44":{"start":{"line":112,"column":2},"end":{"line":126,"column":3}},"45":{"start":{"line":115,"column":4},"end":{"line":119,"column":5}},"46":{"start":{"line":116,"column":6},"end":{"line":116,"column":46}},"47":{"start":{"line":118,"column":6},"end":{"line":118,"column":35}},"48":{"start":{"line":121,"column":4},"end":{"line":121,"column":49}},"49":{"start":{"line":123,"column":25},"end":{"line":123,"column":81}},"50":{"start":{"line":124,"column":4},"end":{"line":124,"column":76}},"51":{"start":{"line":125,"column":4},"end":{"line":125,"column":17}},"52":{"start":{"line":132,"column":28},"end":{"line":148,"column":1}},"53":{"start":{"line":133,"column":2},"end":{"line":147,"column":3}},"54":{"start":{"line":134,"column":4},"end":{"line":141,"column":5}},"55":{"start":{"line":135,"column":6},"end":{"line":135,"column":33}},"56":{"start":{"line":138,"column":6},"end":{"line":140,"column":9}},"57":{"start":{"line":139,"column":8},"end":{"line":139,"column":36}},"58":{"start":{"line":142,"column":4},"end":{"line":142,"column":16}},"59":{"start":{"line":144,"column":25},"end":{"line":144,"column":81}},"60":{"start":{"line":145,"column":4},"end":{"line":145,"column":59}},"61":{"start":{"line":146,"column":4},"end":{"line":146,"column":17}},"62":{"start":{"line":153,"column":33},"end":{"line":165,"column":1}},"63":{"start":{"line":154,"column":2},"end":{"line":164,"column":3}},"64":{"start":{"line":155,"column":4},"end":{"line":159,"column":5}},"65":{"start":{"line":156,"column":6},"end":{"line":156,"column":45}},"66":{"start":{"line":158,"column":6},"end":{"line":158,"column":42}},"67":{"start":{"line":161,"column":25},"end":{"line":161,"column":81}},"68":{"start":{"line":162,"column":4},"end":{"line":162,"column":67}},"69":{"start":{"line":163,"column":4},"end":{"line":163,"column":14}},"70":{"start":{"line":170,"column":37},"end":{"line":176,"column":1}},"71":{"start":{"line":174,"column":16},"end":{"line":174,"column":40}},"72":{"start":{"line":175,"column":2},"end":{"line":175,"column":52}},"73":{"start":{"line":181,"column":31},"end":{"line":213,"column":1}},"74":{"start":{"line":184,"column":2},"end":{"line":212,"column":3}},"75":{"start":{"line":185,"column":50},"end":{"line":185,"column":52}},"76":{"start":{"line":187,"column":4},"end":{"line":205,"column":5}},"77":{"start":{"line":188,"column":6},"end":{"line":204,"column":7}},"78":{"start":{"line":191,"column":8},"end":{"line":195,"column":9}},"79":{"start":{"line":192,"column":10},"end":{"line":192,"column":50}},"80":{"start":{"line":194,"column":10},"end":{"line":194,"column":39}},"81":{"start":{"line":197,"column":8},"end":{"line":201,"column":9}},"82":{"start":{"line":198,"column":10},"end":{"line":198,"column":47}},"83":{"start":{"line":200,"column":10},"end":{"line":200,"column":34}},"84":{"start":{"line":203,"column":8},"end":{"line":203,"column":32}},"85":{"start":{"line":207,"column":4},"end":{"line":207,"column":18}},"86":{"start":{"line":209,"column":25},"end":{"line":209,"column":81}},"87":{"start":{"line":210,"column":4},"end":{"line":210,"column":64}},"88":{"start":{"line":211,"column":4},"end":{"line":211,"column":14}},"89":{"start":{"line":218,"column":31},"end":{"line":240,"column":1}},"90":{"start":{"line":221,"column":2},"end":{"line":239,"column":3}},"91":{"start":{"line":222,"column":20},"end":{"line":222,"column":49}},"92":{"start":{"line":224,"column":4},"end":{"line":232,"column":5}},"93":{"start":{"line":225,"column":25},"end":{"line":225,"column":46}},"94":{"start":{"line":227,"column":6},"end":{"line":231,"column":7}},"95":{"start":{"line":228,"column":8},"end":{"line":228,"column":52}},"96":{"start":{"line":230,"column":8},"end":{"line":230,"column":42}},"97":{"start":{"line":234,"column":4},"end":{"line":234,"column":16}},"98":{"start":{"line":236,"column":25},"end":{"line":236,"column":81}},"99":{"start":{"line":237,"column":4},"end":{"line":237,"column":64}},"100":{"start":{"line":238,"column":4},"end":{"line":238,"column":17}},"101":{"start":{"line":245,"column":34},"end":{"line":261,"column":1}},"102":{"start":{"line":246,"column":2},"end":{"line":260,"column":3}},"103":{"start":{"line":247,"column":4},"end":{"line":253,"column":5}},"104":{"start":{"line":248,"column":6},"end":{"line":252,"column":7}},"105":{"start":{"line":249,"column":8},"end":{"line":249,"column":43}},"106":{"start":{"line":251,"column":8},"end":{"line":251,"column":36}},"107":{"start":{"line":255,"column":4},"end":{"line":255,"column":16}},"108":{"start":{"line":257,"column":25},"end":{"line":257,"column":81}},"109":{"start":{"line":258,"column":4},"end":{"line":258,"column":65}},"110":{"start":{"line":259,"column":4},"end":{"line":259,"column":17}},"111":{"start":{"line":266,"column":30},"end":{"line":268,"column":1}},"112":{"start":{"line":267,"column":2},"end":{"line":267,"column":21}},"113":{"start":{"line":273,"column":31},"end":{"line":275,"column":1}},"114":{"start":{"line":274,"column":2},"end":{"line":274,"column":43}},"115":{"start":{"line":280,"column":30},"end
[...]
d":{"line":122,"column":59}},"35":{"start":{"line":125,"column":6},"end":{"line":125,"column":32}},"36":{"start":{"line":128,"column":6},"end":{"line":128,"column":27}},"37":{"start":{"line":131,"column":6},"end":{"line":136,"column":7}},"38":{"start":{"line":132,"column":8},"end":{"line":132,"column":27}},"39":{"start":{"line":134,"column":8},"end":{"line":134,"column":65}},"40":{"start":{"line":138,"column":27},"end":{"line":138,"column":83}},"41":{"start":{"line":139,"column":6},"end":{"line":142,"column":9}},"42":{"start":{"line":143,"column":6},"end":{"line":143,"column":18}},"43":{"start":{"line":148,"column":4},"end":{"line":148,"column":42}},"44":{"start":{"line":150,"column":4},"end":{"line":184,"column":5}},"45":{"start":{"line":152,"column":22},"end":{"line":152,"column":64}},"46":{"start":{"line":154,"column":6},"end":{"line":171,"column":7}},"47":{"start":{"line":156,"column":27},"end":{"line":156,"column":57}},"48":{"start":{"line":157,"column":30},"end":{"line":157,"column":49}},"49":{"start":{"line":159,"column":8},"end":{"line":170,"column":9}},"50":{"start":{"line":160,"column":10},"end":{"line":165,"column":13}},"51":{"start":{"line":166,"column":10},"end":{"line":166,"column":17}},"52":{"start":{"line":169,"column":10},"end":{"line":169,"column":31}},"53":{"start":{"line":174,"column":6},"end":{"line":177,"column":9}},"54":{"start":{"line":179,"column":27},"end":{"line":179,"column":95}},"55":{"start":{"line":180,"column":6},"end":{"line":183,"column":9}},"56":{"start":{"line":191,"column":4},"end":{"line":191,"column":19}},"57":{"start":{"line":198,"column":4},"end":{"line":198,"column":25}},"58":{"start":{"line":213,"column":28},"end":{"line":220,"column":1}},"59":{"start":{"line":214,"column":21},"end":{"line":214,"column":62}},"60":{"start":{"line":214,"column":45},"end":{"line":214,"column":61}},"61":{"start":{"line":215,"column":15},"end":{"line":215,"column":50}},"62":{"start":{"line":215,"column":39},"end":{"line":215,"column":49}},"63":{"start":{"line":216,"column":20},"end":{"line":216,"column":60}},"64":{"start":{"line":216,"column":44},"end":{"line":216,"column":59}},"65":{"start":{"line":217,"column":16},"end":{"line":217,"column":52}},"66":{"start":{"line":217,"column":40},"end":{"line":217,"column":51}},"67":{"start":{"line":219,"column":2},"end":{"line":219,"column":48}},"68":{"start":{"line":226,"column":32},"end":{"line":232,"column":1}},"69":{"start":{"line":227,"column":20},"end":{"line":227,"column":60}},"70":{"start":{"line":227,"column":44},"end":{"line":227,"column":59}},"71":{"start":{"line":228,"column":21},"end":{"line":228,"column":62}},"72":{"start":{"line":228,"column":45},"end":{"line":228,"column":61}},"73":{"start":{"line":229,"column":24},"end":{"line":229,"column":68}},"74":{"start":{"line":229,"column":48},"end":{"line":229,"column":67}},"75":{"start":{"line":231,"column":2},"end":{"line":231,"column":50}},"76":{"start":{"line":238,"column":27},"end":{"line":243,"column":1}},"77":{"start":{"line":239,"column":15},"end":{"line":239,"column":50}},"78":{"start":{"line":239,"column":39},"end":{"line":239,"column":49}},"79":{"start":{"line":240,"column":21},"end":{"line":240,"column":62}},"80":{"start":{"line":240,"column":45},"end":{"line":240,"column":61}},"81":{"start":{"line":242,"column":2},"end":{"line":242,"column":30}},"82":{"start":{"line":250,"column":29},"end":{"line":250,"column":76}},"83":{"start":{"line":250,"column":35},"end":{"line":250,"column":76}},"84":{"start":{"line":250,"column":59},"end":{"line":250,"column":75}},"85":{"start":{"line":251,"column":23},"end":{"line":251,"column":64}},"86":{"start":{"line":251,"column":29},"end":{"line":251,"column":64}},"87":{"start":{"line":251,"column":53},"end":{"line":251,"column":63}},"88":{"start":{"line":252,"column":30},"end":{"line":252,"column":76}},"89":{"start":{"line":252,"column":36},"end":{"line":252,"column":76}},"90":{"start":{"line":252,"column":60},"end":{"line":252,"column":75}},"91":{"start":{"line":253,"column":28},"end":{"line":253,"column":70}},"92":{"start":{"line":253,"column":34},"end":{"line":253,"column":70}},"93":{"start":{"line":253,"column":58},"end":{"line":253,"column":69}},"94":{"start":{"line":254,"column":29},"end":{"line":254,"column":76}},"95":{"start":{"line":254,"column":35},"end":{"line":254,"column":76}},"96":{"start":{"line":254,"column":59},"end":{"line":254,"column":75}},"97":{"start":{"line":255,"column":32},"end":{"line":255,"column":82}},"98":{"start":{"line":255,"column":38},"end":{"line":255,"column":82}},"99":{"start":{"line":255,"column":62},"end":{"line":255,"column":81}},"100":{"start":{"line":262,"column":30},"end":{"line":268,"column":2}},"101":{"start":{"line":262,"column":37},"end":{"line":268,"column":1}},"102":{"start":{"line":263,"column":33},"end":{"line":263,"column":44}},"103":{"start":{"line":264,"column":34},"end":{"line":264,"column":46}},"104":{"start":{"line":265,"column":42},"end":{"line":265,"column":62}},"105":{"start":{"line":266,"column":36},"end":{"line":266,"column":50}},"106":{"start":{"line":267,"column":38},"end":{"line":267,"column":54}}},"fnMap":{"0":{"name":"(anonymous_0)","decl":{"start":{"line":26,"column":27},"end":{"line":26,"column":28}},"loc":{"start":{"line":26,"column":45},"end":{"line":33,"column":1}},"line":26},"1":{"name":"(anonymous_1)","decl":{"start":{"line":35,"column":20},"end":{"line":35,"column":21}},"loc":{"start":{"line":35,"column":85},"end":{"line":42,"column":1}},"line":35},"2":{"name":"(anonymous_2)","decl":{"start":{"line":44,"column":21},"end":{"line":44,"column":22}},"loc":{"start":{"line":44,"column":48},"end":{"line":46,"column":1}},"line":44},"3":{"name":"(anonymous_3)","decl":{"start":{"line":49,"column":46},"end":{"line":49,"column":47}},"loc":{"start":{"line":49,"column":56},"end":{"line":200,"column":1}},"line":49},"4":{"name":"(anonymous_4)","decl":{"start":{"line":58,"column":9},"end":{"line":58,"column":10}},"loc":{"start":{"line":58,"column":65},"end":{"line":111,"column":3}},"line":58},"5":{"name":"(anonymous_5)","decl":{"start":{"line":65,"column":24},"end":{"line":65,"column":25}},"loc":{"start":{"line":65,"column":35},"end":{"line":65,"column":59}},"line":65},"6":{"name":"(anonymous_6)","decl":{"start":{"line":117,"column":10},"end":{"line":117,"column":11}},"loc":{"start":{"line":117,"column":37},"end":{"line":145,"column":3}},"line":117},"7":{"name":"(anonymous_7)","decl":{"start":{"line":122,"column":24},"end":{"line":122,"column":25}},"loc":{"start":{"line":122,"column":35},"end":{"line":122,"column":59}},"line":122},"8":{"name":"(anonymous_8)","decl":{"start":{"line":147,"column":18},"end":{"line":147,"column":19}},"loc":{"start":{"line":147,"column":45},"end":{"line":185,"column":3}},"line":147},"9":{"name":"(anonymous_9)","decl":{"start":{"line":190,"column":12},"end":{"line":190,"column":13}},"loc":{"start":{"line":190,"column":44},"end":{"line":192,"column":3}},"line":190},"10":{"name":"(anonymous_10)","decl":{"start":{"line":197,"column":14},"end":{"line":197,"column":15}},"loc":{"start":{"line":197,"column":26},"end":{"line":199,"column":3}},"line":197},"11":{"name":"(anonymous_11)","decl":{"start":{"line":213,"column":28},"end":{"line":213,"column":29}},"loc":{"start":{"line":213,"column":34},"end":{"line":220,"column":1}},"line":213},"12":{"name":"(anonymous_12)","decl":{"start":{"line":214,"column":34},"end":{"line":214,"column":35}},"loc":{"start":{"line":214,"column":45},"end":{"line":214,"column":61}},"line":214},"13":{"name":"(anonymous_13)","decl":{"start":{"line":215,"column":28},"end":{"line":215,"column":29}},"loc":{"start":{"line":215,"column":39},"end":{"line":215,"column":49}},"line":215},"14":{"name":"(anonymous_14)","decl":{"start":{"line":216,"column":33},"end":{"line":216,"column":34}},"loc":{"start":{"line":216,"column":44},"end":{"line":216,"column":59}},"line":216},"15":{"name":"(anonymous_15)","decl":{"start":{"line":217,"column":29},"end":{"line":217,"column":30}},"loc":{"start":{"line":217,"column":40},"end":{"line":217,"column":51}},"line":217},"16":{"name":"(anonymous_16)","decl":{"start":{"line":226,"column":32},"end":{"line":226,"column":33}},"loc":{"start":{"line":226,"column":38},"end":{"line":232,"column":1}},"line":226},"17":{"name":"(anonymous_17)","decl":{"start":{"line":227,"column":33},"end":{"line":227,"column":34}},"loc":{"start":{"line":227,"column":44},"end":{"line":227,"column":59}},"line":227},"18":{"name":"(anonymous_18)","decl":{"start":{"line":228,"column":34},"end":{"line":228,"column":35}},"loc":{"start":{"line":228,"column":45},"end":{"line":228,"column":61}},"line":228},"19":{"name":"(anonymous_19)","decl":{"start":{"line":229,"column":37},"end":{"line":229,"column":38}},"loc":{"start":{"line":229,"column":48},"end":{"line":229,"column":67}},"line":229},"20":{"name":"(anonymous_20)","decl":{"start":{"line":238,"column":27},"end":{"line":238,"column":28}},"loc":{"start":{"line":238,"column":33},"end":{"line":243,"column":1}},"line":238},"21":{"name":"(anonymous_21)","decl":{"start":{"line":239,"column":28},"end":{"line":239,"column":29}},"loc":{"start":{"line":239,"column":39},"end":{"line":239,"column":49}},"line":239},"22":{"name":"(anonymous_22)","decl":{"start":{"line":240,"column":34},"end":{"line":240,"column":35}},"loc":{"start":{"line":240,"column":45},"end":{"line":240,"column":61}},"line":240},"23":{"name":"(anonymous_23)","decl":{"start":{"line":250,"column":29},"end":{"line":250,"column":30}},"loc":{"start":{"line":250,"column":35},"end":{"line":250,"column":76}},"line":250},"24":{"name":"(anonymous_24)","decl":{"start":{"line":250,"column":48},"end":{"line":250,"column":49}},"loc":{"start":{"line":250,"column":59},"end":{"line":250,"column":75}},"line":250},"25":{"name":"(anonymous_25)","decl":{"start":{"line":251,"column":23},"end":{"line":251,"column":24}},"loc":{"start":{"line":251,"column":29},"end":{"line":251,"column":64}},"line":251},"26":{"name":"(anonymous_26)","decl":{"start":{"line":251,"column":42},"end":{"line":251,"column":43}},"loc":{"start":{"line":251,"column":53},"end":{"line":251,"column":63}},"line":251},"27":{"name":"(anonymous_27)","decl":{"start":{"line":252,"column":30},"end":{"line":252,"column":31}},"loc":{"start":{"line":252,"column":36},"end":{"line":252,"column":76}},"line":252},"28":{"name":"(anonymous_28)","decl":{"start":{"line":252,"column":49},"end":{"line":252,"column":50}},"loc":{"start":{"line":252,"column":60},"end":{"line":252,"column":75}},"line":252},"29":{"name":"(anonymous_29)","decl":{"start":{"line":253,"column":28},"end":{"line":253,"column":29}},"loc":{"start":{"line":253,"column":34},"end":{"line":253,"column":70}},"line":253},"30":{"name":"(anonymous_30)","decl":{"start":{"line":253,"column":47},"end":{"line":253,"column":48}},"loc":{"start":{"line":253,"column":58},"end":{"line":253,"column":69}},"line":253},"31":{"name":"(anonymous_31)","decl":{"start":{"line":254,"column":29},"end":{"line":254,"column":30}},"loc":{"start":{"line":254,"column":35},"end":{"line":254,"column":76}},"line":254},"32":{"name":"(anonymous_32)","decl":{"start":{"line":254,"column":48},"end":{"line":254,"column":49}},"loc":{"start":{"line":254,"column":59},"end":{"line":254,"column":75}},"line":254},"33":{"name":"(anonymous_33)","decl":{"start":{"line":255,"column":32},"end":{"line":255,"column":33}},"loc":{"start":{"line":255,"column":38},"end":{"line":255,"column":82}},"line":255},"34":{"name":"(anonymous_34)","decl":{"start":{"line":255,"column":51},"end":{"line":255,"column":52}},"loc":{"start":{"line":255,"column":62},"end":{"line":255,"column":81}},"line":255},"35":{"name":"(anonymous_35)","decl":{"start":{"line":262,"column":30},"end":{"line":262,"column":31}},"loc":{"start":{"line":262,"column":37},"end":{"line":268,"column":1}},"line":262},"36":{"name":"(anonymous_36)","decl":{"start":{"line":263,"column":22},"end":{"line":263,"column":23}},"loc":{"start":{"line":263,"column":33},"end":{"line":263,"column":44}},"line":263},"37":{"name":"(anonymous_37)","decl":{"start":{"line":264,"column":23},"end":{"line":264,"column":24}},"loc":{"start":{"line":264,"column":34},"end":{"line":264,"column":46}},"line":264},"38":{"name":"(anonymous_38)","decl":{"start":{"line":265,"column":31},"end":{"line":265,"column":32}},"loc":{"start":{"line":265,"column":42},"end":{"line":265,"column":62}},"line":265},"39":{"name":"(anonymous_39)","decl":{"start":{"line":266,"column":25},"end":{"line":266,"column":26}},"loc":{"start":{"line":266,"column":36},"end":{"line":266,"column":50}},"line":266},"40":{"name":"(anonymous_40)","decl":{"start":{"line":267,"column":27},"end":{"line":267,"column":28}},"loc":{"start":{"line":267,"column":38},"end":{"line":267,"column":54}},"line":267}},"branchMap":{"0":{"loc":{"start":{"line":71,"column":6},"end":{"line":73,"column":7}},"type":"if","locations":[{"start":{"line":71,"column":6},"end":{"line":73,"column":7}},{"start":{},"end":{}}],"line":71},"1":{"loc":{"start":{"line":75,"column":6},"end":{"line":77,"column":7}},"type":"if","locations":[{"start":{"line":75,"column":6},"end":{"line":77,"column":7}},{"start":{},"end":{}}],"line":75},"2":{"loc":{"start":{"line":80,"column":6},"end":{"line":89,"column":7}},"type":"if","locations":[{"start":{"line":80,"column":6},"end":{"line":89,"column":7}},{"start":{},"end":{}}],"line":80},"3":{"loc":{"start":{"line":80,"column":10},"end":{"line":80,"column":37}},"type":"binary-expr","locations":[{"start":{"line":80,"column":10},"end":{"line":80,"column":20}},{"start":{"line":80,"column":24},"end":{"line":80,"column":37}}],"line":80},"4":{"loc":{"start":{"line":138,"column":27},"end":{"line":138,"column":83}},"type":"cond-expr","locations":[{"start":{"line":138,"column":52},"end":{"line":138,"column":65}},{"start":{"line":138,"column":68},"end":{"line":138,"column":83}}],"line":138},"5":{"loc":{"start":{"line":154,"column":6},"end":{"line":171,"column":7}},"type":"if","locations":[{"start":{"line":154,"column":6},"end":{"line":171,"column":7}},{"start":{},"end":{}}],"line":154},"6":{"loc":{"start":{"line":154,"column":10},"end":{"line":154,"column":55}},"type":"binary-expr","locations":[{"start":{"line":154,"column":10},"end":{"line":154,"column":17}},{"start":{"line":154,"column":21},"end":{"line":154,"column":39}},{"start":{"line":154,"column":43},"end":{"line":154,"column":55}}],"line":154},"7":{"loc":{"start":{"line":159,"column":8},"end":{"line":170,"column":9}},"type":"if","locations":[{"start":{"line":159,"column":8},"end":{"line":170,"column":9}},{"start":{"line":167,"column":15},"end":{"line":170,"column":9}}],"line":159},"8":{"loc":{"start":{"line":179,"column":27},"end":{"line":179,"column":95}},"type":"cond-expr","locations":[{"start":{"line":179,"column":52},"end":{"line":179,"column":65}},{"start":{"line":179,"column":68},"end":{"line":179,"column":95}}],"line":179}},"s":{"0":0,"1":0,"2":0,"3":0,"4":0,"5":0,"6":0,"7":0,"8":0,"9":0,"10":0,"11":0,"12":0,"13":0,"14":0,"15":0,"16":0,"17":0,"18":0,"19":0,"20":0,"21":0,"22":0,"23":0,"24":0,"25":0,"26":0,"27":0,"28":0,"29":0,"30":0,"31":0,"32":0,"33":0,"34":0,"35":0,"36":0,"37":0,"38":0,"39":0,"40":0,"41":0,"42":0,"43":0,"44":0,"45":0,"46":0,"47":0,"48":0,"49":0,"50":0,"51":0,"52":0,"53":0,"54":0,"55":0,"56":0,"57":0,"58":0,"59":0,"60":0,"61":0,"62":0,"63":0,"64":0,"65":0,"66":0,"67":0,"68":0,"69":0,"70":0,"71":0,"72":0,"73":0,"74":0,"75":0,"76":0,"77":0,"78":0,"79":0,"80":0,"81":0,"82":0,"83":0,"84":0,"85":0,"86":0,"87":0,"88":0,"89":0,"90":0,"91":0,"92":0,"93":0,"94":0,"95":0,"96":0,"97":0,"98":0,"99":0,"100":0,"101":0,"102":0,"103":0,"104":0,"105":0,"106":0},"f":{"0":0,"1":0,"2":0,"3":0,"4":0,"5":0,"6":0,"7":0,"8":0,"9":0,"10":0,"11":0,"12":0,"13":0,"14":0,"15":0,"16":0,"17":0,"18":0,"19":0,"20":0,"21":0,"22":0,"23":0,"24":0,"25":0,"26":0,"27":0,"28":0,"29":0,"30":0,"31":0,"32":0,"33":0,"34":0,"35":0,"36":0,"37":0,"38":0,"39":0,"40":0},"b":{"0":[0,0],"1":[0,0],"2":[0,0],"3":[0,0],"4":[0,0],"5":[0,0],"6":[0,0,0],"7":[0,0],"8":[0,0]}}
,"/Users/mac/Documents/visi8-test/src/stores/reading-progress.store.ts": {"path":"/Users/mac/Documents/visi8-test/src/stores/reading-progress.store.ts","statementMap":{"0":{"start":{"line":25,"column":2},"end":{"line":74,"column":3}},"1":{"start":{"line":27,"column":21},"end":{"line":67,"column":7}},"2":{"start":{"line":34,"column":10},"end":{"line":39,"column":13}},"3":{"start":{"line":34,"column":26},"end":{"line":39,"column":11}},"4":{"start":{"line":44,"column":10},"end":{"line":46,"column":16}},"5":{"start":{"line":51,"column":10},"end":{"line":61,"column":12}},"6":{"start":{"line":52,"column":29},"end":{"line":54,"column":13}},"7":{"start":{"line":56,"column":12},"end":{"line":58,"column":14}},"8":{"start":{"line":60,"column":12},"end":{"line":60,"column":32}},"9":{"start":{"line":64,"column":27},"end":{"line":64,"column":52}},"10":{"start":{"line":65,"column":10},"end":{"line":65,"column":62}},"11":{"start":{"line":71,"column":41},"end":{"line":71,"column":53}},"12":{"start":{"line":77,"column":30},"end":{"line":79,"column":1}},"13":{"start":{"line":78,"column":2},"end":{"line":78,"column":74}},"14":{"start":{"line":78,"column":44},"end":{"line":78,"column":72}}},"fnMap":{"0":{"name":"(anonymous_0)","decl":{"start":{"line":27,"column":6},"end":{"line":27,"column":7}},"loc":{"start":{"line":27,"column":21},"end":{"line":67,"column":7}},"line":27},"1":{"name":"(anonymous_1)","decl":{"start":{"line":30,"column":21},"end":{"line":30,"column":22}},"loc":{"start":{"line":34,"column":10},"end":{"line":39,"column":13}},"line":34},"2":{"name":"(anonymous_2)","decl":{"start":{"line":34,"column":14},"end":{"line":34,"column":15}},"loc":{"start":{"line":34,"column":26},"end":{"line":39,"column":11}},"line":34},"3":{"name":"(anonymous_3)","decl":{"start":{"line":41,"column":21},"end":{"line":41,"column":22}},"loc":{"start":{"line":44,"column":10},"end":{"line":46,"column":16}},"line":44},"4":{"name":"(anonymous_4)","decl":{"start":{"line":48,"column":23},"end":{"line":48,"column":24}},"loc":{"start":{"line":51,"column":10},"end":{"line":61,"column":12}},"line":51},"5":{"name":"(anonymous_5)","decl":{"start":{"line":51,"column":14},"end":{"line":51,"column":15}},"loc":{"start":{"line":51,"column":25},"end":{"line":61,"column":11}},"line":51},"6":{"name":"(anonymous_6)","decl":{"start":{"line":63,"column":21},"end":{"line":63,"column":22}},"loc":{"start":{"line":63,"column":36},"end":{"line":66,"column":9}},"line":63},"7":{"name":"(anonymous_7)","decl":{"start":{"line":71,"column":35},"end":{"line":71,"column":36}},"loc":{"start":{"line":71,"column":41},"end":{"line":71,"column":53}},"line":71},"8":{"name":"(anonymous_8)","decl":{"start":{"line":77,"column":30},"end":{"line":77,"column":31}},"loc":{"start":{"line":77,"column":53},"end":{"line":79,"column":1}},"line":77},"9":{"name":"(anonymous_9)","decl":{"start":{"line":78,"column":33},"end":{"line":78,"column":34}},"loc":{"start":{"line":78,"column":44},"end":{"line":78,"column":72}},"line":78}},"branchMap":{"0":{"loc":{"start":{"line":44,"column":10},"end":{"line":46,"column":16}},"type":"binary-expr","locations":[{"start":{"line":44,"column":10},"end":{"line":46,"column":11}},{"start":{"line":46,"column":15},"end":{"line":46,"column":16}}],"line":44},"1":{"loc":{"start":{"line":65,"column":17},"end":{"line":65,"column":61}},"type":"binary-expr","locations":[{"start":{"line":65,"column":17},"end":{"line":65,"column":45}},{"start":{"line":65,"column":49},"end":{"line":65,"column":61}}],"line":65}},"s":{"0":1,"1":1,"2":126,"3":126,"4":11,"5":1,"6":1,"7":1,"8":1,"9":2,"10":2,"11":1,"12":1,"13":0,"14":0},"f":{"0":1,"1":126,"2":126,"3":11,"4":1,"5":1,"6":2,"7":1,"8":0,"9":0},"b":{"0":[11,1],"1":[2,1]},"_coverageSchema":"1a1c01bbd47fc00a2c39e90264f33305004495a9","hash":"4dcc55468319124e8791de560d9fd7ba5c8a09d9"}
,"/Users/mac/Documents/visi8-test/src/types/user.types.ts": {"path":"/Users/mac/Documents/visi8-test/src/types/user.types.ts","statementMap":{},"fnMap":{},"branchMap":{},"s":{},"f":{},"b":{}}
}
