TN:
SF:src/app/_layout.tsx
FN:9,(anonymous_0)
FN:18,RootLayout
FN:25,(anonymous_2)
FN:27,(anonymous_3)
FN:28,(anonymous_4)
FNF:5
FNH:0
FNDA:0,(anonymous_0)
FNDA:0,RootLayout
FNDA:0,(anonymous_2)
FNDA:0,(anonymous_3)
FNDA:0,(anonymous_4)
DA:9,0
DA:10,0
DA:19,0
DA:20,0
DA:21,0
DA:22,0
DA:23,0
DA:25,0
DA:26,0
DA:27,0
DA:29,0
DA:30,0
DA:34,0
DA:35,0
DA:42,0
DA:76,0
LF:16
LH:0
BRDA:34,0,0,0
BRDA:34,0,1,0
BRDA:34,1,0,0
BRDA:34,1,1,0
BRDA:34,1,2,0
BRDA:36,2,0,0
BRDA:36,2,1,0
BRDA:43,3,0,0
BRDA:43,3,1,0
BRF:9
BRH:0
end_of_record
TN:
SF:src/app/articles.tsx
FN:17,ArticlesScreen
FN:32,(anonymous_1)
FN:35,(anonymous_2)
FN:41,(anonymous_3)
FN:45,(anonymous_4)
FN:53,(anonymous_5)
FN:56,(anonymous_6)
FN:89,(anonymous_7)
FN:121,(anonymous_8)
FNF:9
FNH:0
FNDA:0,ArticlesScreen
FNDA:0,(anonymous_1)
FNDA:0,(anonymous_2)
FNDA:0,(anonymous_3)
FNDA:0,(anonymous_4)
FNDA:0,(anonymous_5)
FNDA:0,(anonymous_6)
FNDA:0,(anonymous_7)
FNDA:0,(anonymous_8)
DA:18,0
DA:19,0
DA:30,0
DA:32,0
DA:34,0
DA:36,0
DA:41,0
DA:42,0
DA:45,0
DA:46,0
DA:47,0
DA:49,0
DA:52,0
DA:54,0
DA:56,0
DA:62,0
DA:63,0
DA:76,0
DA:77,0
DA:89,0
DA:99,0
DA:121,0
DA:146,0
LF:23
LH:0
BRDA:32,0,0,0
BRDA:32,0,1,0
BRDA:46,1,0,0
BRDA:46,1,1,0
BRDA:46,2,0,0
BRDA:46,2,1,0
BRDA:62,3,0,0
BRDA:62,3,1,0
BRDA:76,4,0,0
BRDA:76,4,1,0
BRDA:135,5,0,0
BRDA:135,5,1,0
BRF:12
BRH:0
end_of_record
TN:
SF:src/app/index.tsx
FN:5,IndexScreen
FNF:1
FNH:0
FNDA:0,IndexScreen
DA:6,0
DA:8,0
DA:9,0
DA:17,0
DA:18,0
DA:21,0
DA:24,0
LF:7
LH:0
BRDA:8,0,0,0
BRDA:8,0,1,0
BRDA:17,1,0,0
BRDA:17,1,1,0
BRDA:17,2,0,0
BRDA:17,2,1,0
BRF:6
BRH:0
end_of_record
TN:
SF:src/app/login.tsx
FN:6,LoginScreen
FN:16,(anonymous_1)
FN:18,(anonymous_2)
FN:25,(anonymous_3)
FN:36,(anonymous_4)
FN:62,(anonymous_5)
FN:70,(anonymous_6)
FN:85,(anonymous_7)
FNF:8
FNH:0
FNDA:0,LoginScreen
FNDA:0,(anonymous_1)
FNDA:0,(anonymous_2)
FNDA:0,(anonymous_3)
FNDA:0,(anonymous_4)
FNDA:0,(anonymous_5)
FNDA:0,(anonymous_6)
FNDA:0,(anonymous_7)
DA:7,0
DA:8,0
DA:9,0
DA:10,0
DA:11,0
DA:12,0
DA:13,0
DA:14,0
DA:16,0
DA:17,0
DA:18,0
DA:19,0
DA:20,0
DA:24,0
DA:26,0
DA:27,0
DA:28,0
DA:30,0
DA:36,0
DA:37,0
DA:38,0
DA:41,0
DA:42,0
DA:43,0
DA:45,0
DA:46,0
DA:47,0
DA:48,0
DA:50,0
DA:52,0
DA:53,0
DA:54,0
DA:55,0
DA:56,0
DA:57,0
DA:62,0
DA:63,0
DA:64,0
DA:70,0
DA:71,0
DA:72,0
DA:74,0
DA:75,0
DA:76,0
DA:77,0
DA:78,0
DA:81,0
DA:82,0
DA:85,0
DA:86,0
DA:87,0
DA:93,0
DA:94,0
DA:173,0
DA:200,0
LF:55
LH:0
BRDA:26,0,0,0
BRDA:26,0,1,0
BRDA:26,1,0,0
BRDA:26,1,1,0
BRDA:26,1,2,0
BRDA:27,2,0,0
BRDA:27,2,1,0
BRDA:37,3,0,0
BRDA:37,3,1,0
BRDA:37,4,0,0
BRDA:37,4,1,0
BRDA:41,5,0,0
BRDA:41,5,1,0
BRDA:41,6,0,0
BRDA:41,6,1,0
BRDA:46,7,0,0
BRDA:46,7,1,0
BRDA:54,8,0,0
BRDA:54,8,1,0
BRDA:63,9,0,0
BRDA:63,9,1,0
BRDA:71,10,0,0
BRDA:71,10,1,0
BRDA:71,11,0,0
BRDA:71,11,1,0
BRDA:77,12,0,0
BRDA:77,12,1,0
BRDA:81,13,0,0
BRDA:81,13,1,0
BRDA:86,14,0,0
BRDA:86,14,1,0
BRDA:93,15,0,0
BRDA:93,15,1,0
BRDA:128,16,0,0
BRDA:128,16,1,0
BRDA:130,17,0,0
BRDA:130,17,1,0
BRDA:135,18,0,0
BRDA:135,18,1,0
BRDA:153,19,0,0
BRDA:153,19,1,0
BRDA:177,20,0,0
BRDA:177,20,1,0
BRDA:186,21,0,0
BRDA:186,21,1,0
BRDA:188,22,0,0
BRDA:188,22,1,0
BRDA:193,23,0,0
BRDA:193,23,1,0
BRF:49
BRH:0
end_of_record
TN:
SF:src/app/article/[id].tsx
FN:18,formatDate
FN:36,ArticleDetailScreen
FN:59,(anonymous_2)
FN:91,(anonymous_3)
FNF:4
FNH:0
FNDA:0,formatDate
FNDA:0,ArticleDetailScreen
FNDA:0,(anonymous_2)
FNDA:0,(anonymous_3)
DA:19,0
DA:20,0
DA:22,0
DA:23,0
DA:26,0
DA:32,0
DA:37,0
DA:41,0
DA:43,0
DA:45,0
DA:57,0
DA:59,0
DA:60,0
DA:63,0
DA:64,0
DA:78,0
DA:79,0
DA:91,0
DA:101,0
DA:102,0
DA:111,0
DA:170,0
DA:261,0
LF:23
LH:0
BRDA:22,0,0,0
BRDA:22,0,1,0
BRDA:43,1,0,0
BRDA:43,1,1,0
BRDA:57,2,0,0
BRDA:57,2,1,0
BRDA:63,3,0,0
BRDA:63,3,1,0
BRDA:78,4,0,0
BRDA:78,4,1,0
BRDA:101,5,0,0
BRDA:101,5,1,0
BRF:12
BRH:0
end_of_record
TN:
SF:src/components/article-card.tsx
FN:15,(anonymous_0)
FN:18,(anonymous_1)
FN:39,(anonymous_2)
FN:80,(anonymous_3)
FNF:4
FNH:0
FNDA:0,(anonymous_0)
FNDA:0,(anonymous_1)
FNDA:0,(anonymous_2)
FNDA:0,(anonymous_3)
DA:14,0
DA:16,0
DA:18,0
DA:19,0
DA:20,0
DA:21,0
DA:22,0
DA:24,0
DA:30,0
DA:32,0
DA:36,0
DA:39,0
DA:81,0
DA:86,0
LF:14
LH:0
BRDA:21,0,0,0
BRDA:21,0,1,0
BRDA:41,1,0,0
BRDA:41,1,1,0
BRDA:68,2,0,0
BRDA:68,2,1,0
BRF:6
BRH:0
end_of_record
TN:
SF:src/constants/theme.ts
FNF:0
FNH:0
DA:10,0
DA:29,0
DA:54,0
DA:64,0
DA:65,0
LF:5
LH:0
BRDA:64,0,0,0
BRDA:64,0,1,0
BRF:2
BRH:0
end_of_record
TN:
SF:src/hooks/use-color-scheme.ts
FNF:0
FNH:0
LF:0
LH:0
BRF:0
BRH:0
end_of_record
TN:
SF:src/hooks/use-color-scheme.web.ts
FN:7,useColorScheme
FN:10,(anonymous_1)
FNF:2
FNH:0
FNDA:0,useColorScheme
FNDA:0,(anonymous_1)
DA:8,0
DA:10,0
DA:11,0
DA:14,0
DA:16,0
DA:17,0
DA:20,0
LF:7
LH:0
BRDA:16,0,0,0
BRDA:16,0,1,0
BRF:2
BRH:0
end_of_record
TN:
SF:src/hooks/use-theme.ts
FN:9,useTheme
FNF:1
FNH:0
FNDA:0,useTheme
DA:10,0
DA:11,0
DA:13,0
LF:3
LH:0
BRDA:11,0,0,0
BRDA:11,0,1,0
BRF:2
BRH:0
end_of_record
TN:
SF:src/hooks/useArticleDetail.ts
FN:7,(anonymous_0)
FN:10,(anonymous_1)
FNF:2
FNH:0
FNDA:0,(anonymous_0)
FNDA:0,(anonymous_1)
DA:7,0
DA:8,0
DA:10,0
LF:3
LH:0
BRDA:24,0,0,0
BRDA:24,0,1,0
BRF:2
BRH:0
end_of_record
TN:
SF:src/hooks/useArticles.ts
FN:15,(anonymous_0)
FN:19,(anonymous_1)
FN:31,(anonymous_2)
FNF:3
FNH:0
FNDA:0,(anonymous_0)
FNDA:0,(anonymous_1)
FNDA:0,(anonymous_2)
DA:7,0
DA:15,0
DA:16,0
DA:20,0
DA:21,0
DA:22,0
DA:23,0
DA:25,0
DA:32,0
LF:9
LH:0
BRDA:19,0,0,0
BRDA:32,1,0,0
BRDA:32,1,1,0
BRF:3
BRH:0
end_of_record
TN:
SF:src/hooks/useAuth.ts
FN:36,(anonymous_0)
FN:50,(anonymous_1)
FN:55,(anonymous_2)
FN:67,(anonymous_3)
FN:72,(anonymous_4)
FN:77,(anonymous_5)
FN:105,(anonymous_6)
FN:138,(anonymous_7)
FNF:8
FNH:0
FNDA:0,(anonymous_0)
FNDA:0,(anonymous_1)
FNDA:0,(anonymous_2)
FNDA:0,(anonymous_3)
FNDA:0,(anonymous_4)
FNDA:0,(anonymous_5)
FNDA:0,(anonymous_6)
FNDA:0,(anonymous_7)
DA:36,0
DA:37,0
DA:38,0
DA:39,0
DA:40,0
DA:41,0
DA:48,0
DA:50,0
DA:52,0
DA:55,0
DA:56,0
DA:59,0
DA:60,0
DA:64,0
DA:67,0
DA:68,0
DA:72,0
DA:73,0
DA:77,0
DA:78,0
DA:80,0
DA:82,0
DA:86,0
DA:88,0
DA:89,0
DA:91,0
DA:105,0
DA:106,0
DA:107,0
DA:108,0
DA:109,0
DA:110,0
DA:112,0
DA:138,0
DA:139,0
DA:140,0
DA:142,0
DA:143,0
DA:146,0
LF:39
LH:0
BRDA:36,0,0,0
BRDA:44,1,0,0
BRDA:45,2,0,0
BRDA:46,3,0,0
BRDA:47,4,0,0
BRDA:56,5,0,0
BRDA:56,5,1,0
BRDA:59,6,0,0
BRDA:59,6,1,0
BRDA:59,7,0,0
BRDA:59,7,1,0
BRDA:86,8,0,0
BRDA:86,8,1,0
BRDA:86,9,0,0
BRDA:86,9,1,0
BRDA:89,10,0,0
BRDA:89,10,1,0
BRDA:89,11,0,0
BRDA:89,11,1,0
BRDA:142,12,0,0
BRDA:142,12,1,0
BRDA:142,13,0,0
BRDA:142,13,1,0
BRF:23
BRH:0
end_of_record
TN:
SF:src/hooks/useFonts.ts
FN:39,(anonymous_0)
FN:42,(anonymous_1)
FNF:2
FNH:0
FNDA:0,(anonymous_0)
FNDA:0,(anonymous_1)
DA:15,0
DA:21,0
DA:39,0
DA:40,0
DA:42,0
DA:43,0
DA:44,0
DA:48,0
DA:54,0
LF:9
LH:0
BRDA:43,0,0,0
BRDA:43,0,1,0
BRDA:43,1,0,0
BRDA:43,1,1,0
BRDA:48,2,0,0
BRDA:48,2,1,0
BRF:6
BRH:0
end_of_record
TN:
SF:src/hooks/useReadingProgress.ts
FN:4,(anonymous_0)
FN:9,(anonymous_1)
FN:15,(anonymous_2)
FN:20,(anonymous_3)
FN:24,(anonymous_4)
FN:34,(anonymous_5)
FNF:6
FNH:0
FNDA:0,(anonymous_0)
FNDA:0,(anonymous_1)
FNDA:0,(anonymous_2)
FNDA:0,(anonymous_3)
FNDA:0,(anonymous_4)
FNDA:0,(anonymous_5)
DA:4,0
DA:8,0
DA:10,0
DA:14,0
DA:15,0
DA:19,0
DA:20,0
DA:23,0
DA:25,0
DA:34,0
DA:35,0
DA:38,0
LF:12
LH:0
BRDA:10,0,0,0
BRDA:10,0,1,0
BRF:2
BRH:0
end_of_record
TN:
SF:src/hooks/useReadingProgressWithScroll.ts
FN:27,(anonymous_0)
FN:32,(anonymous_1)
FN:51,(anonymous_2)
FN:63,(anonymous_3)
FN:81,(anonymous_4)
FN:121,(anonymous_5)
FN:122,(anonymous_6)
FNF:7
FNH:0
FNDA:0,(anonymous_0)
FNDA:0,(anonymous_1)
FNDA:0,(anonymous_2)
FNDA:0,(anonymous_3)
FNDA:0,(anonymous_4)
FNDA:0,(anonymous_5)
FNDA:0,(anonymous_6)
DA:27,0
DA:32,0
DA:35,0
DA:38,0
DA:41,0
DA:50,0
DA:52,0
DA:55,0
DA:58,0
DA:59,0
DA:63,0
DA:64,0
DA:65,0
DA:67,0
DA:81,0
DA:87,0
DA:94,0
DA:99,0
DA:100,0
DA:104,0
DA:106,0
DA:107,0
DA:121,0
DA:122,0
DA:124,0
DA:125,0
DA:126,0
DA:130,0
DA:131,0
DA:136,0
LF:30
LH:0
BRDA:58,0,0,0
BRDA:58,0,1,0
BRDA:64,1,0,0
BRDA:64,1,1,0
BRDA:64,2,0,0
BRDA:64,2,1,0
BRDA:64,2,2,0
BRDA:87,3,0,0
BRDA:87,3,1,0
BRDA:88,4,0,0
BRDA:88,4,1,0
BRDA:88,4,2,0
BRDA:88,4,3,0
BRDA:88,4,4,0
BRDA:124,5,0,0
BRDA:124,5,1,0
BRDA:130,6,0,0
BRDA:130,6,1,0
BRDA:130,7,0,0
BRDA:130,7,1,0
BRF:20
BRH:0
end_of_record
TN:
SF:src/providers/query-provider.tsx
FN:48,(anonymous_0)
FN:73,(anonymous_1)
FN:80,(anonymous_2)
FN:126,(anonymous_3)
FN:132,(anonymous_4)
FN:149,(anonymous_5)
FN:161,(anonymous_6)
FN:168,(anonymous_7)
FN:178,(anonymous_8)
FN:184,(anonymous_9)
FN:197,(anonymous_10)
FN:203,(anonymous_11)
FN:215,(anonymous_12)
FN:226,(anonymous_13)
FN:227,(anonymous_14)
FN:228,(anonymous_15)
FN:235,(anonymous_16)
FN:236,(anonymous_17)
FN:237,(anonymous_18)
FN:238,(anonymous_19)
FN:239,(anonymous_20)
FN:240,(anonymous_21)
FN:246,(anonymous_22)
FN:247,(anonymous_23)
FN:248,(anonymous_24)
FN:253,(anonymous_25)
FN:254,(anonymous_26)
FN:255,(anonymous_27)
FNF:28
FNH:0
FNDA:0,(anonymous_0)
FNDA:0,(anonymous_1)
FNDA:0,(anonymous_2)
FNDA:0,(anonymous_3)
FNDA:0,(anonymous_4)
FNDA:0,(anonymous_5)
FNDA:0,(anonymous_6)
FNDA:0,(anonymous_7)
FNDA:0,(anonymous_8)
FNDA:0,(anonymous_9)
FNDA:0,(anonymous_10)
FNDA:0,(anonymous_11)
FNDA:0,(anonymous_12)
FNDA:0,(anonymous_13)
FNDA:0,(anonymous_14)
FNDA:0,(anonymous_15)
FNDA:0,(anonymous_16)
FNDA:0,(anonymous_17)
FNDA:0,(anonymous_18)
FNDA:0,(anonymous_19)
FNDA:0,(anonymous_20)
FNDA:0,(anonymous_21)
FNDA:0,(anonymous_22)
FNDA:0,(anonymous_23)
FNDA:0,(anonymous_24)
FNDA:0,(anonymous_25)
FNDA:0,(anonymous_26)
FNDA:0,(anonymous_27)
DA:10,0
DA:47,0
DA:50,0
DA:51,0
DA:54,0
DA:59,0
DA:63,0
DA:66,0
DA:71,0
DA:74,0
DA:80,0
DA:81,0
DA:125,0
DA:127,0
DA:131,0
DA:133,0
DA:139,0
DA:149,0
DA:150,0
DA:161,0
DA:162,0
DA:168,0
DA:169,0
DA:170,0
DA:171,0
DA:178,0
DA:182,0
DA:183,0
DA:185,0
DA:189,0
DA:197,0
DA:201,0
DA:202,0
DA:204,0
DA:208,0
DA:215,0
DA:221,0
DA:222,0
DA:224,0
DA:226,0
DA:227,0
DA:228,0
DA:233,0
DA:235,0
DA:236,0
DA:237,0
DA:238,0
DA:239,0
DA:240,0
DA:244,0
DA:246,0
DA:247,0
DA:248,0
DA:252,0
DA:253,0
DA:254,0
DA:255,0
LF:57
LH:0
BRDA:50,0,0,0
BRDA:50,0,1,0
BRDA:54,1,0,0
BRDA:54,1,1,0
BRDA:54,2,0,0
BRDA:54,2,1,0
BRDA:54,2,2,0
BRDA:54,2,3,0
BRDA:54,2,4,0
BRDA:63,3,0,0
BRDA:63,3,1,0
BRDA:63,4,0,0
BRDA:63,4,1,0
BRDA:63,4,2,0
BRF:14
BRH:0
end_of_record
TN:
SF:src/services/article-detail.service.ts
FN:14,(anonymous_0)
FN:21,(anonymous_1)
FNF:2
FNH:1
FNDA:0,(anonymous_0)
FNDA:9,(anonymous_1)
DA:4,1
DA:14,1
DA:15,0
DA:18,0
DA:21,1
DA:24,9
DA:25,1
DA:28,8
DA:29,2
DA:32,6
DA:36,6
LF:11
LH:9
BRDA:24,0,0,1
BRDA:24,0,1,8
BRDA:28,1,0,2
BRDA:28,1,1,6
BRF:4
BRH:4
end_of_record
TN:
SF:src/services/articles.service.ts
FN:16,(anonymous_0)
FN:22,(anonymous_1)
FNF:2
FNH:0
FNDA:0,(anonymous_0)
FNDA:0,(anonymous_1)
DA:4,0
DA:7,0
DA:16,0
DA:17,0
DA:19,0
DA:22,0
DA:23,0
DA:24,0
DA:27,0
LF:9
LH:0
BRDA:23,0,0,0
BRDA:23,0,1,0
BRF:2
BRH:0
end_of_record
TN:
SF:src/services/secure-storage.ts
FN:27,(anonymous_0)
FN:47,(anonymous_1)
FN:69,(anonymous_2)
FN:90,(anonymous_3)
FN:115,(anonymous_4)
FN:129,(anonymous_5)
FNF:6
FNH:0
FNDA:0,(anonymous_0)
FNDA:0,(anonymous_1)
FNDA:0,(anonymous_2)
FNDA:0,(anonymous_3)
FNDA:0,(anonymous_4)
FNDA:0,(anonymous_5)
DA:21,0
DA:27,0
DA:28,0
DA:29,0
DA:30,0
DA:31,0
DA:36,0
DA:38,0
DA:39,0
DA:47,0
DA:48,0
DA:49,0
DA:50,0
DA:51,0
DA:52,0
DA:56,0
DA:58,0
DA:59,0
DA:69,0
DA:70,0
DA:72,0
DA:75,0
DA:78,0
DA:80,0
DA:81,0
DA:90,0
DA:91,0
DA:93,0
DA:95,0
DA:96,0
DA:100,0
DA:103,0
DA:105,0
DA:106,0
DA:115,0
DA:116,0
DA:117,0
DA:119,0
DA:120,0
DA:129,0
DA:130,0
DA:131,0
DA:132,0
DA:134,0
DA:135,0
LF:45
LH:0
BRDA:95,0,0,0
BRDA:95,0,1,0
BRF:2
BRH:0
end_of_record
TN:
SF:src/services/storage.ts
FN:22,(anonymous_0)
FN:47,(anonymous_1)
FN:68,(anonymous_2)
FN:93,(anonymous_3)
FN:111,(anonymous_4)
FN:132,(anonymous_5)
FN:138,(anonymous_6)
FN:153,(anonymous_7)
FN:170,(anonymous_8)
FN:181,(anonymous_9)
FN:218,(anonymous_10)
FN:245,(anonymous_11)
FN:266,(anonymous_12)
FN:273,(anonymous_13)
FN:280,(anonymous_14)
FN:339,(anonymous_15)
FN:358,(anonymous_16)
FN:396,(anonymous_17)
FN:406,(anonymous_18)
FNF:19
FNH:0
FNDA:0,(anonymous_0)
FNDA:0,(anonymous_1)
FNDA:0,(anonymous_2)
FNDA:0,(anonymous_3)
FNDA:0,(anonymous_4)
FNDA:0,(anonymous_5)
FNDA:0,(anonymous_6)
FNDA:0,(anonymous_7)
FNDA:0,(anonymous_8)
FNDA:0,(anonymous_9)
FNDA:0,(anonymous_10)
FNDA:0,(anonymous_11)
FNDA:0,(anonymous_12)
FNDA:0,(anonymous_13)
FNDA:0,(anonymous_14)
FNDA:0,(anonymous_15)
FNDA:0,(anonymous_16)
FNDA:0,(anonymous_17)
FNDA:0,(anonymous_18)
DA:16,0
DA:17,0
DA:22,0
DA:23,0
DA:25,0
DA:26,0
DA:28,0
DA:29,0
DA:31,0
DA:33,0
DA:36,0
DA:37,0
DA:42,0
DA:47,0
DA:48,0
DA:49,0
DA:51,0
DA:52,0
DA:54,0
DA:57,0
DA:59,0
DA:60,0
DA:61,0
DA:68,0
DA:69,0
DA:72,0
DA:73,0
DA:75,0
DA:78,0
DA:79,0
DA:82,0
DA:84,0
DA:85,0
DA:86,0
DA:93,0
DA:94,0
DA:95,0
DA:96,0
DA:98,0
DA:100,0
DA:102,0
DA:103,0
DA:104,0
DA:111,0
DA:112,0
DA:115,0
DA:116,0
DA:118,0
DA:121,0
DA:123,0
DA:124,0
DA:125,0
DA:132,0
DA:133,0
DA:134,0
DA:135,0
DA:138,0
DA:139,0
DA:142,0
DA:144,0
DA:145,0
DA:146,0
DA:153,0
DA:154,0
DA:155,0
DA:156,0
DA:158,0
DA:161,0
DA:162,0
DA:163,0
DA:170,0
DA:174,0
DA:175,0
DA:181,0
DA:184,0
DA:185,0
DA:187,0
DA:188,0
DA:191,0
DA:192,0
DA:194,0
DA:197,0
DA:198,0
DA:200,0
DA:203,0
DA:207,0
DA:209,0
DA:210,0
DA:211,0
DA:218,0
DA:221,0
DA:222,0
DA:224,0
DA:225,0
DA:227,0
DA:228,0
DA:230,0
DA:234,0
DA:236,0
DA:237,0
DA:238,0
DA:245,0
DA:246,0
DA:247,0
DA:248,0
DA:249,0
DA:251,0
DA:255,0
DA:257,0
DA:258,0
DA:259,0
DA:266,0
DA:267,0
DA:273,0
DA:274,0
DA:280,0
DA:285,0
DA:286,0
DA:287,0
DA:289,0
DA:290,0
DA:293,0
DA:294,0
DA:295,0
DA:296,0
DA:300,0
DA:303,0
DA:304,0
DA:305,0
DA:306,0
DA:311,0
DA:317,0
DA:318,0
DA:319,0
DA:335,0
DA:340,0
DA:341,0
DA:342,0
DA:343,0
DA:344,0
DA:345,0
DA:347,0
DA:349,0
DA:350,0
DA:351,0
DA:359,0
DA:360,0
DA:362,0
DA:363,0
DA:365,0
DA:368,0
DA:371,0
DA:374,0
DA:375,0
DA:377,0
DA:380,0
DA:381,0
DA:385,0
DA:387,0
DA:388,0
DA:389,0
DA:397,0
DA:398,0
DA:400,0
DA:401,0
DA:403,0
DA:406,0
DA:408,0
DA:409,0
DA:410,0
DA:411,0
DA:413,0
DA:418,0
DA:420,0
DA:421,0
DA:422,0
LF:176
LH:0
BRDA:28,0,0,0
BRDA:28,0,1,0
BRDA:51,1,0,0
BRDA:51,1,1,0
BRDA:59,2,0,0
BRDA:59,2,1,0
BRDA:72,3,0,0
BRDA:72,3,1,0
BRDA:78,4,0,0
BRDA:78,4,1,0
BRDA:78,5,0,0
BRDA:78,5,1,0
BRDA:84,6,0,0
BRDA:84,6,1,0
BRDA:95,7,0,0
BRDA:95,7,1,0
BRDA:102,8,0,0
BRDA:102,8,1,0
BRDA:115,9,0,0
BRDA:115,9,1,0
BRDA:121,10,0,0
BRDA:121,10,1,0
BRDA:123,11,0,0
BRDA:123,11,1,0
BRDA:134,12,0,0
BRDA:134,12,1,0
BRDA:144,13,0,0
BRDA:144,13,1,0
BRDA:155,14,0,0
BRDA:155,14,1,0
BRDA:161,15,0,0
BRDA:161,15,1,0
BRDA:175,16,0,0
BRDA:175,16,1,0
BRDA:191,17,0,0
BRDA:191,17,1,0
BRDA:197,18,0,0
BRDA:197,18,1,0
BRDA:197,19,0,0
BRDA:197,19,1,0
BRDA:209,20,0,0
BRDA:209,20,1,0
BRDA:227,21,0,0
BRDA:227,21,1,0
BRDA:236,22,0,0
BRDA:236,22,1,0
BRDA:248,23,0,0
BRDA:248,23,1,0
BRDA:257,24,0,0
BRDA:257,24,1,0
BRDA:289,25,0,0
BRDA:289,25,1,0
BRDA:295,26,0,0
BRDA:295,26,1,0
BRDA:305,27,0,0
BRDA:305,27,1,0
BRDA:317,28,0,0
BRDA:317,28,1,0
BRDA:342,29,0,0
BRDA:342,29,1,0
BRDA:349,30,0,0
BRDA:349,30,1,0
BRDA:362,31,0,0
BRDA:362,31,1,0
BRDA:374,32,0,0
BRDA:374,32,1,0
BRDA:380,33,0,0
BRDA:380,33,1,0
BRDA:380,34,0,0
BRDA:380,34,1,0
BRDA:387,35,0,0
BRDA:387,35,1,0
BRDA:400,36,0,0
BRDA:400,36,1,0
BRDA:408,37,0,0
BRDA:408,37,1,0
BRDA:410,38,0,0
BRDA:410,38,1,0
BRDA:420,39,0,0
BRDA:420,39,1,0
BRF:80
BRH:0
end_of_record
TN:
SF:src/stores/auth.store.ts
FN:26,(anonymous_0)
FN:35,(anonymous_1)
FN:44,(anonymous_2)
FN:49,(anonymous_3)
FN:58,(anonymous_4)
FN:65,(anonymous_5)
FN:117,(anonymous_6)
FN:122,(anonymous_7)
FN:147,(anonymous_8)
FN:190,(anonymous_9)
FN:197,(anonymous_10)
FN:213,(anonymous_11)
FN:214,(anonymous_12)
FN:215,(anonymous_13)
FN:216,(anonymous_14)
FN:217,(anonymous_15)
FN:226,(anonymous_16)
FN:227,(anonymous_17)
FN:228,(anonymous_18)
FN:229,(anonymous_19)
FN:238,(anonymous_20)
FN:239,(anonymous_21)
FN:240,(anonymous_22)
FN:250,(anonymous_23)
FN:250,(anonymous_24)
FN:251,(anonymous_25)
FN:251,(anonymous_26)
FN:252,(anonymous_27)
FN:252,(anonymous_28)
FN:253,(anonymous_29)
FN:253,(anonymous_30)
FN:254,(anonymous_31)
FN:254,(anonymous_32)
FN:255,(anonymous_33)
FN:255,(anonymous_34)
FN:262,(anonymous_35)
FN:263,(anonymous_36)
FN:264,(anonymous_37)
FN:265,(anonymous_38)
FN:266,(anonymous_39)
FN:267,(anonymous_40)
FNF:41
FNH:0
FNDA:0,(anonymous_0)
FNDA:0,(anonymous_1)
FNDA:0,(anonymous_2)
FNDA:0,(anonymous_3)
FNDA:0,(anonymous_4)
FNDA:0,(anonymous_5)
FNDA:0,(anonymous_6)
FNDA:0,(anonymous_7)
FNDA:0,(anonymous_8)
FNDA:0,(anonymous_9)
FNDA:0,(anonymous_10)
FNDA:0,(anonymous_11)
FNDA:0,(anonymous_12)
FNDA:0,(anonymous_13)
FNDA:0,(anonymous_14)
FNDA:0,(anonymous_15)
FNDA:0,(anonymous_16)
FNDA:0,(anonymous_17)
FNDA:0,(anonymous_18)
FNDA:0,(anonymous_19)
FNDA:0,(anonymous_20)
FNDA:0,(anonymous_21)
FNDA:0,(anonymous_22)
FNDA:0,(anonymous_23)
FNDA:0,(anonymous_24)
FNDA:0,(anonymous_25)
FNDA:0,(anonymous_26)
FNDA:0,(anonymous_27)
FNDA:0,(anonymous_28)
FNDA:0,(anonymous_29)
FNDA:0,(anonymous_30)
FNDA:0,(anonymous_31)
FNDA:0,(anonymous_32)
FNDA:0,(anonymous_33)
FNDA:0,(anonymous_34)
FNDA:0,(anonymous_35)
FNDA:0,(anonymous_36)
FNDA:0,(anonymous_37)
FNDA:0,(anonymous_38)
FNDA:0,(anonymous_39)
FNDA:0,(anonymous_40)
DA:7,0
DA:10,0
DA:11,0
DA:14,0
DA:26,0
DA:35,0
DA:36,0
DA:41,0
DA:44,0
DA:45,0
DA:49,0
DA:59,0
DA:61,0
DA:63,0
DA:65,0
DA:68,0
DA:69,0
DA:71,0
DA:72,0
DA:75,0
DA:76,0
DA:80,0
DA:81,0
DA:88,0
DA:92,0
DA:102,0
DA:104,0
DA:109,0
DA:118,0
DA:120,0
DA:122,0
DA:125,0
DA:128,0
DA:131,0
DA:132,0
DA:134,0
DA:138,0
DA:139,0
DA:143,0
DA:148,0
DA:150,0
DA:152,0
DA:154,0
DA:156,0
DA:157,0
DA:159,0
DA:160,0
DA:166,0
DA:169,0
DA:174,0
DA:179,0
DA:180,0
DA:191,0
DA:198,0
DA:213,0
DA:214,0
DA:215,0
DA:216,0
DA:217,0
DA:219,0
DA:226,0
DA:227,0
DA:228,0
DA:229,0
DA:231,0
DA:238,0
DA:239,0
DA:240,0
DA:242,0
DA:250,0
DA:251,0
DA:252,0
DA:253,0
DA:254,0
DA:255,0
DA:262,0
DA:263,0
DA:264,0
DA:265,0
DA:266,0
DA:267,0
LF:81
LH:0
BRDA:71,0,0,0
BRDA:71,0,1,0
BRDA:75,1,0,0
BRDA:75,1,1,0
BRDA:80,2,0,0
BRDA:80,2,1,0
BRDA:80,3,0,0
BRDA:80,3,1,0
BRDA:138,4,0,0
BRDA:138,4,1,0
BRDA:154,5,0,0
BRDA:154,5,1,0
BRDA:154,6,0,0
BRDA:154,6,1,0
BRDA:154,6,2,0
BRDA:159,7,0,0
BRDA:159,7,1,0
BRDA:179,8,0,0
BRDA:179,8,1,0
BRF:19
BRH:0
end_of_record
TN:
SF:src/stores/reading-progress.store.ts
FN:27,(anonymous_0)
FN:30,(anonymous_1)
FN:34,(anonymous_2)
FN:41,(anonymous_3)
FN:48,(anonymous_4)
FN:51,(anonymous_5)
FN:63,(anonymous_6)
FN:71,(anonymous_7)
FN:77,(anonymous_8)
FN:78,(anonymous_9)
FNF:10
FNH:8
FNDA:1,(anonymous_0)
FNDA:126,(anonymous_1)
FNDA:126,(anonymous_2)
FNDA:11,(anonymous_3)
FNDA:1,(anonymous_4)
FNDA:1,(anonymous_5)
FNDA:2,(anonymous_6)
FNDA:1,(anonymous_7)
FNDA:0,(anonymous_8)
FNDA:0,(anonymous_9)
DA:25,1
DA:27,1
DA:34,126
DA:44,11
DA:51,1
DA:52,1
DA:56,1
DA:60,1
DA:64,2
DA:65,2
DA:71,1
DA:77,1
DA:78,0
LF:13
LH:12
BRDA:44,0,0,11
BRDA:44,0,1,1
BRDA:65,1,0,2
BRDA:65,1,1,1
BRF:4
BRH:4
end_of_record
TN:
SF:src/types/user.types.ts
FNF:0
FNH:0
LF:0
LH:0
BRF:0
BRH:0
end_of_record
